TN:
SF:dao.js
FN:14,(anonymous_0)
FN:20,mappingProducts
FN:21,(anonymous_2)
FN:36,mappingOrders
FN:37,(anonymous_4)
FN:47,mappingUsers
FN:48,(anonymous_6)
FN:69,(anonymous_7)
FN:70,(anonymous_8)
FN:73,(anonymous_9)
FN:86,(anonymous_10)
FN:87,(anonymous_11)
FN:90,(anonymous_12)
FN:103,(anonymous_13)
FN:104,(anonymous_14)
FN:110,(anonymous_15)
FN:123,(anonymous_16)
FN:124,(anonymous_17)
FN:130,(anonymous_18)
FN:143,(anonymous_19)
FN:144,(anonymous_20)
FN:150,(anonymous_21)
FN:163,(anonymous_22)
FN:164,(anonymous_23)
FN:170,(anonymous_24)
FN:183,(anonymous_25)
FN:184,(anonymous_26)
FN:200,(anonymous_27)
FN:216,(anonymous_28)
FN:217,(anonymous_29)
FN:239,(anonymous_30)
FN:268,(anonymous_31)
FN:269,(anonymous_32)
FN:303,(anonymous_33)
FN:331,(anonymous_34)
FN:332,(anonymous_35)
FN:369,(anonymous_36)
FN:398,(anonymous_37)
FN:399,(anonymous_38)
FN:403,(anonymous_39)
FN:417,(anonymous_40)
FN:418,(anonymous_41)
FN:422,(anonymous_42)
FN:436,(anonymous_43)
FN:437,(anonymous_44)
FN:439,(anonymous_45)
FN:453,retrieveNextId
FN:454,(anonymous_47)
FN:456,(anonymous_48)
FN:461,(anonymous_49)
FN:475,(anonymous_50)
FN:487,(anonymous_51)
FN:490,createInsertOrderPromise
FN:491,(anonymous_53)
FN:505,(anonymous_54)
FN:516,(anonymous_55)
FN:517,(anonymous_56)
FN:519,(anonymous_57)
FN:528,(anonymous_58)
FN:529,(anonymous_59)
FN:531,(anonymous_60)
FN:543,(anonymous_61)
FN:544,(anonymous_62)
FN:546,(anonymous_63)
FN:558,(anonymous_64)
FN:559,(anonymous_65)
FN:566,(anonymous_66)
FN:571,(anonymous_67)
FN:572,(anonymous_68)
FN:589,(anonymous_69)
FN:590,(anonymous_70)
FN:592,(anonymous_71)
FN:604,(anonymous_72)
FN:605,(anonymous_73)
FN:607,(anonymous_74)
FN:614,(anonymous_75)
FN:615,(anonymous_76)
FN:622,(anonymous_77)
FN:632,(anonymous_78)
FN:633,(anonymous_79)
FN:635,(anonymous_80)
FN:649,(anonymous_81)
FN:665,(anonymous_82)
FN:666,(anonymous_83)
FN:668,(anonymous_84)
FN:701,(anonymous_85)
FN:702,(anonymous_86)
FN:704,(anonymous_87)
FN:711,(anonymous_88)
FN:712,(anonymous_89)
FN:714,(anonymous_90)
FNF:91
FNH:86
FNDA:2,(anonymous_0)
FNDA:13,mappingProducts
FNDA:681,(anonymous_2)
FNDA:25,mappingOrders
FNDA:124,(anonymous_4)
FNDA:4,mappingUsers
FNDA:255,(anonymous_6)
FNDA:2,(anonymous_7)
FNDA:2,(anonymous_8)
FNDA:2,(anonymous_9)
FNDA:6,(anonymous_10)
FNDA:6,(anonymous_11)
FNDA:6,(anonymous_12)
FNDA:3,(anonymous_13)
FNDA:3,(anonymous_14)
FNDA:3,(anonymous_15)
FNDA:3,(anonymous_16)
FNDA:3,(anonymous_17)
FNDA:3,(anonymous_18)
FNDA:3,(anonymous_19)
FNDA:3,(anonymous_20)
FNDA:3,(anonymous_21)
FNDA:4,(anonymous_22)
FNDA:4,(anonymous_23)
FNDA:4,(anonymous_24)
FNDA:1,(anonymous_25)
FNDA:1,(anonymous_26)
FNDA:1,(anonymous_27)
FNDA:14,(anonymous_28)
FNDA:14,(anonymous_29)
FNDA:14,(anonymous_30)
FNDA:2,(anonymous_31)
FNDA:2,(anonymous_32)
FNDA:2,(anonymous_33)
FNDA:1,(anonymous_34)
FNDA:1,(anonymous_35)
FNDA:1,(anonymous_36)
FNDA:2,(anonymous_37)
FNDA:2,(anonymous_38)
FNDA:2,(anonymous_39)
FNDA:3,(anonymous_40)
FNDA:3,(anonymous_41)
FNDA:2,(anonymous_42)
FNDA:4,(anonymous_43)
FNDA:4,(anonymous_44)
FNDA:4,(anonymous_45)
FNDA:6,retrieveNextId
FNDA:6,(anonymous_47)
FNDA:6,(anonymous_48)
FNDA:6,(anonymous_49)
FNDA:6,(anonymous_50)
FNDA:0,(anonymous_51)
FNDA:18,createInsertOrderPromise
FNDA:18,(anonymous_53)
FNDA:18,(anonymous_54)
FNDA:4,(anonymous_55)
FNDA:4,(anonymous_56)
FNDA:4,(anonymous_57)
FNDA:22,(anonymous_58)
FNDA:22,(anonymous_59)
FNDA:22,(anonymous_60)
FNDA:1,(anonymous_61)
FNDA:1,(anonymous_62)
FNDA:1,(anonymous_63)
FNDA:2,(anonymous_64)
FNDA:2,(anonymous_65)
FNDA:2,(anonymous_66)
FNDA:2,(anonymous_67)
FNDA:0,(anonymous_68)
FNDA:6,(anonymous_69)
FNDA:6,(anonymous_70)
FNDA:6,(anonymous_71)
FNDA:2,(anonymous_72)
FNDA:2,(anonymous_73)
FNDA:2,(anonymous_74)
FNDA:4,(anonymous_75)
FNDA:4,(anonymous_76)
FNDA:2,(anonymous_77)
FNDA:4,(anonymous_78)
FNDA:4,(anonymous_79)
FNDA:2,(anonymous_80)
FNDA:2,(anonymous_81)
FNDA:0,(anonymous_82)
FNDA:0,(anonymous_83)
FNDA:0,(anonymous_84)
FNDA:2,(anonymous_85)
FNDA:2,(anonymous_86)
FNDA:2,(anonymous_87)
FNDA:2,(anonymous_88)
FNDA:2,(anonymous_89)
FNDA:2,(anonymous_90)
DA:3,2
DA:5,2
DA:6,2
DA:13,2
DA:14,2
DA:15,2
DA:21,681
DA:37,124
DA:48,255
DA:69,2
DA:70,2
DA:71,2
DA:73,2
DA:74,2
DA:75,2
DA:76,0
DA:77,0
DA:79,2
DA:80,2
DA:86,2
DA:87,6
DA:88,6
DA:90,6
DA:91,6
DA:92,6
DA:93,4
DA:94,4
DA:96,2
DA:97,2
DA:103,2
DA:104,3
DA:105,3
DA:106,1
DA:108,3
DA:110,3
DA:111,3
DA:112,3
DA:113,1
DA:114,1
DA:116,2
DA:117,2
DA:123,2
DA:124,3
DA:125,3
DA:126,1
DA:128,3
DA:130,3
DA:131,3
DA:132,3
DA:133,1
DA:134,1
DA:136,2
DA:137,2
DA:143,2
DA:144,3
DA:145,3
DA:146,1
DA:148,3
DA:150,3
DA:151,3
DA:152,3
DA:153,0
DA:154,0
DA:156,3
DA:157,3
DA:163,2
DA:164,4
DA:165,4
DA:166,1
DA:168,4
DA:170,4
DA:171,4
DA:172,4
DA:173,2
DA:174,2
DA:176,2
DA:177,2
DA:183,2
DA:184,1
DA:185,1
DA:190,0
DA:192,1
DA:193,1
DA:194,1
DA:196,1
DA:198,1
DA:200,1
DA:201,1
DA:202,1
DA:203,1
DA:204,1
DA:206,0
DA:207,0
DA:216,2
DA:217,14
DA:218,14
DA:220,14
DA:223,14
DA:240,14
DA:241,1
DA:242,1
DA:244,13
DA:245,13
DA:246,13
DA:261,13
DA:268,2
DA:269,2
DA:270,2
DA:282,0
DA:284,2
DA:286,2
DA:289,2
DA:304,2
DA:305,0
DA:306,0
DA:308,2
DA:309,2
DA:310,2
DA:323,2
DA:331,2
DA:332,1
DA:333,1
DA:346,0
DA:349,1
DA:354,1
DA:370,1
DA:371,0
DA:372,0
DA:374,1
DA:377,1
DA:390,1
DA:398,2
DA:399,2
DA:400,2
DA:402,2
DA:403,2
DA:404,2
DA:405,0
DA:406,0
DA:408,2
DA:409,2
DA:417,2
DA:418,3
DA:419,3
DA:421,2
DA:422,2
DA:423,2
DA:424,0
DA:425,0
DA:427,2
DA:428,2
DA:436,2
DA:437,4
DA:438,4
DA:439,4
DA:440,4
DA:441,4
DA:442,0
DA:444,4
DA:445,4
DA:454,6
DA:455,6
DA:456,6
DA:457,6
DA:458,0
DA:459,0
DA:461,6
DA:462,6
DA:464,6
DA:465,0
DA:466,0
DA:468,6
DA:475,2
DA:477,6
DA:478,6
DA:479,6
DA:481,6
DA:482,6
DA:483,18
DA:485,6
DA:487,0
DA:491,18
DA:493,18
DA:494,18
DA:506,18
DA:507,9
DA:509,9
DA:516,2
DA:517,4
DA:518,4
DA:519,4
DA:520,4
DA:521,0
DA:522,0
DA:523,4
DA:528,2
DA:529,22
DA:530,22
DA:531,22
DA:532,22
DA:533,22
DA:534,0
DA:536,22
DA:537,22
DA:543,2
DA:544,1
DA:545,1
DA:546,1
DA:547,1
DA:548,1
DA:549,0
DA:551,1
DA:552,1
DA:558,2
DA:559,2
DA:561,2
DA:566,2
DA:567,2
DA:568,2
DA:569,0
DA:571,2
DA:572,2
DA:583,2
DA:589,2
DA:590,6
DA:591,6
DA:592,6
DA:593,6
DA:594,6
DA:595,4
DA:597,2
DA:598,2
DA:604,2
DA:605,2
DA:606,2
DA:607,2
DA:608,2
DA:609,2
DA:614,2
DA:615,4
DA:616,4
DA:617,2
DA:618,2
DA:621,2
DA:622,2
DA:623,2
DA:625,2
DA:632,2
DA:633,4
DA:634,4
DA:635,4
DA:636,2
DA:637,2
DA:638,0
DA:640,2
DA:649,2
DA:650,2
DA:651,0
DA:654,2
DA:655,1
DA:657,1
DA:665,2
DA:666,0
DA:667,0
DA:668,0
DA:669,0
DA:670,0
DA:673,0
DA:681,0
DA:701,2
DA:702,2
DA:703,2
DA:704,2
DA:705,2
DA:706,2
DA:711,2
DA:712,2
DA:713,2
DA:714,2
DA:715,2
DA:716,2
LF:281
LH:244
BRDA:15,0,0,0
BRDA:15,0,1,2
BRDA:74,1,0,0
BRDA:74,1,1,2
BRDA:75,2,0,0
BRDA:75,2,1,2
BRDA:75,3,0,2
BRDA:75,3,1,2
BRDA:91,4,0,0
BRDA:91,4,1,6
BRDA:92,5,0,4
BRDA:92,5,1,2
BRDA:92,6,0,6
BRDA:92,6,1,6
BRDA:105,7,0,1
BRDA:105,7,1,2
BRDA:111,8,0,0
BRDA:111,8,1,3
BRDA:112,9,0,1
BRDA:112,9,1,2
BRDA:112,10,0,3
BRDA:112,10,1,3
BRDA:125,11,0,1
BRDA:125,11,1,2
BRDA:131,12,0,0
BRDA:131,12,1,3
BRDA:132,13,0,1
BRDA:132,13,1,2
BRDA:132,14,0,3
BRDA:132,14,1,3
BRDA:145,15,0,1
BRDA:145,15,1,2
BRDA:151,16,0,0
BRDA:151,16,1,3
BRDA:152,17,0,0
BRDA:152,17,1,3
BRDA:152,18,0,3
BRDA:152,18,1,3
BRDA:165,19,0,1
BRDA:165,19,1,3
BRDA:165,20,0,4
BRDA:165,20,1,3
BRDA:171,21,0,0
BRDA:171,21,1,4
BRDA:172,22,0,2
BRDA:172,22,1,2
BRDA:172,23,0,4
BRDA:172,23,1,4
BRDA:185,24,0,0
BRDA:185,24,1,1
BRDA:186,25,0,1
BRDA:186,25,1,1
BRDA:186,25,2,1
BRDA:201,26,0,0
BRDA:201,26,1,1
BRDA:202,27,0,1
BRDA:202,27,1,0
BRDA:202,28,0,1
BRDA:202,28,1,1
BRDA:218,29,0,9
BRDA:218,29,1,5
BRDA:240,30,0,1
BRDA:240,30,1,13
BRDA:270,31,0,0
BRDA:270,31,1,2
BRDA:271,32,0,2
BRDA:271,32,1,2
BRDA:271,32,2,2
BRDA:271,32,3,2
BRDA:271,32,4,2
BRDA:271,32,5,2
BRDA:271,32,6,2
BRDA:271,32,7,2
BRDA:271,32,8,2
BRDA:271,32,9,2
BRDA:304,33,0,0
BRDA:304,33,1,2
BRDA:333,34,0,0
BRDA:333,34,1,1
BRDA:334,35,0,1
BRDA:334,35,1,1
BRDA:334,35,2,1
BRDA:334,35,3,1
BRDA:334,35,4,1
BRDA:334,35,5,1
BRDA:334,35,6,1
BRDA:334,35,7,1
BRDA:334,35,8,1
BRDA:334,35,9,1
BRDA:334,35,10,1
BRDA:370,36,0,0
BRDA:370,36,1,1
BRDA:400,37,0,0
BRDA:400,37,1,2
BRDA:404,38,0,0
BRDA:404,38,1,2
BRDA:419,39,0,1
BRDA:419,39,1,2
BRDA:423,40,0,0
BRDA:423,40,1,2
BRDA:440,41,0,0
BRDA:440,41,1,4
BRDA:441,42,0,0
BRDA:441,42,1,4
BRDA:441,43,0,4
BRDA:441,43,1,4
BRDA:457,44,0,0
BRDA:457,44,1,6
BRDA:464,45,0,0
BRDA:464,45,1,6
BRDA:506,46,0,9
BRDA:506,46,1,9
BRDA:520,47,0,0
BRDA:520,47,1,4
BRDA:532,48,0,0
BRDA:532,48,1,22
BRDA:533,49,0,0
BRDA:533,49,1,22
BRDA:533,50,0,22
BRDA:533,50,1,22
BRDA:547,51,0,0
BRDA:547,51,1,1
BRDA:548,52,0,0
BRDA:548,52,1,1
BRDA:548,53,0,1
BRDA:548,53,1,1
BRDA:567,54,0,0
BRDA:567,54,1,2
BRDA:568,55,0,0
BRDA:568,55,1,2
BRDA:568,56,0,2
BRDA:568,56,1,2
BRDA:593,57,0,0
BRDA:593,57,1,6
BRDA:594,58,0,4
BRDA:594,58,1,2
BRDA:594,59,0,6
BRDA:594,59,1,6
BRDA:608,60,0,0
BRDA:608,60,1,2
BRDA:616,61,0,2
BRDA:616,61,1,2
BRDA:623,62,0,0
BRDA:623,62,1,2
BRDA:636,63,0,0
BRDA:636,63,1,2
BRDA:637,64,0,0
BRDA:637,64,1,2
BRDA:650,65,0,0
BRDA:650,65,1,2
BRDA:654,66,0,1
BRDA:654,66,1,1
BRDA:669,67,0,0
BRDA:669,67,1,0
BRDA:670,68,0,0
BRDA:670,68,1,0
BRDA:705,69,0,0
BRDA:705,69,1,2
BRDA:715,70,0,0
BRDA:715,70,1,2
BRF:160
BRH:118
end_of_record
TN:
SF:server.js
FN:46,(anonymous_0)
FN:49,(anonymous_1)
FN:57,(anonymous_2)
FN:67,(anonymous_3)
FN:72,(anonymous_4)
FN:75,(anonymous_5)
FN:78,(anonymous_6)
FN:97,(anonymous_7)
FN:108,(anonymous_8)
FN:109,(anonymous_9)
FN:117,(anonymous_10)
FN:130,(anonymous_11)
FN:135,(anonymous_12)
FN:147,(anonymous_13)
FN:150,(anonymous_14)
FN:151,(anonymous_15)
FN:157,(anonymous_16)
FN:160,(anonymous_17)
FN:161,(anonymous_18)
FN:176,(anonymous_19)
FN:187,(anonymous_20)
FN:188,(anonymous_21)
FN:205,(anonymous_22)
FN:216,(anonymous_23)
FN:217,(anonymous_24)
FN:234,(anonymous_25)
FN:245,(anonymous_26)
FN:246,(anonymous_27)
FN:270,(anonymous_28)
FN:281,(anonymous_29)
FN:282,(anonymous_30)
FN:310,(anonymous_31)
FN:325,(anonymous_32)
FN:326,(anonymous_33)
FN:373,(anonymous_34)
FN:417,(anonymous_35)
FN:428,(anonymous_36)
FN:429,(anonymous_37)
FN:437,(anonymous_38)
FN:440,(anonymous_39)
FN:441,(anonymous_40)
FN:461,(anonymous_41)
FN:474,(anonymous_42)
FN:480,(anonymous_43)
FN:481,(anonymous_44)
FN:488,(anonymous_45)
FN:491,(anonymous_46)
FN:492,(anonymous_47)
FN:498,(anonymous_48)
FN:501,(anonymous_49)
FN:502,(anonymous_50)
FN:519,(anonymous_51)
FN:523,(anonymous_52)
FN:535,(anonymous_53)
FN:536,(anonymous_54)
FN:546,(anonymous_55)
FN:558,(anonymous_56)
FN:559,(anonymous_57)
FN:577,(anonymous_58)
FN:589,(anonymous_59)
FN:590,(anonymous_60)
FN:668,(anonymous_61)
FN:679,(anonymous_62)
FN:680,(anonymous_63)
FN:757,(anonymous_64)
FN:769,(anonymous_65)
FN:770,(anonymous_66)
FN:854,(anonymous_67)
FN:867,(anonymous_68)
FN:868,(anonymous_69)
FN:879,(anonymous_70)
FN:891,(anonymous_71)
FN:892,(anonymous_72)
FN:904,(anonymous_73)
FN:916,(anonymous_74)
FN:917,(anonymous_75)
FN:922,(anonymous_76)
FN:931,(anonymous_77)
FN:939,(anonymous_78)
FN:940,(anonymous_79)
FN:949,(anonymous_80)
FN:961,(anonymous_81)
FN:962,(anonymous_82)
FN:967,(anonymous_83)
FNF:84
FNH:58
FNDA:2,(anonymous_0)
FNDA:1,(anonymous_1)
FNDA:1,(anonymous_2)
FNDA:1,(anonymous_3)
FNDA:0,(anonymous_4)
FNDA:0,(anonymous_5)
FNDA:0,(anonymous_6)
FNDA:1,(anonymous_7)
FNDA:2,(anonymous_8)
FNDA:2,(anonymous_9)
FNDA:1,(anonymous_10)
FNDA:0,(anonymous_11)
FNDA:1,(anonymous_12)
FNDA:1,(anonymous_13)
FNDA:1,(anonymous_14)
FNDA:0,(anonymous_15)
FNDA:2,(anonymous_16)
FNDA:1,(anonymous_17)
FNDA:1,(anonymous_18)
FNDA:2,(anonymous_19)
FNDA:1,(anonymous_20)
FNDA:0,(anonymous_21)
FNDA:2,(anonymous_22)
FNDA:1,(anonymous_23)
FNDA:0,(anonymous_24)
FNDA:2,(anonymous_25)
FNDA:1,(anonymous_26)
FNDA:0,(anonymous_27)
FNDA:2,(anonymous_28)
FNDA:1,(anonymous_29)
FNDA:0,(anonymous_30)
FNDA:1,(anonymous_31)
FNDA:0,(anonymous_32)
FNDA:1,(anonymous_33)
FNDA:3,(anonymous_34)
FNDA:4,(anonymous_35)
FNDA:1,(anonymous_36)
FNDA:0,(anonymous_37)
FNDA:1,(anonymous_38)
FNDA:1,(anonymous_39)
FNDA:0,(anonymous_40)
FNDA:2,(anonymous_41)
FNDA:6,(anonymous_42)
FNDA:2,(anonymous_43)
FNDA:0,(anonymous_44)
FNDA:1,(anonymous_45)
FNDA:1,(anonymous_46)
FNDA:0,(anonymous_47)
FNDA:1,(anonymous_48)
FNDA:1,(anonymous_49)
FNDA:0,(anonymous_50)
FNDA:3,(anonymous_51)
FNDA:4,(anonymous_52)
FNDA:2,(anonymous_53)
FNDA:1,(anonymous_54)
FNDA:2,(anonymous_55)
FNDA:1,(anonymous_56)
FNDA:0,(anonymous_57)
FNDA:3,(anonymous_58)
FNDA:1,(anonymous_59)
FNDA:0,(anonymous_60)
FNDA:0,(anonymous_61)
FNDA:0,(anonymous_62)
FNDA:0,(anonymous_63)
FNDA:5,(anonymous_64)
FNDA:2,(anonymous_65)
FNDA:0,(anonymous_66)
FNDA:1,(anonymous_67)
FNDA:1,(anonymous_68)
FNDA:0,(anonymous_69)
FNDA:2,(anonymous_70)
FNDA:1,(anonymous_71)
FNDA:0,(anonymous_72)
FNDA:1,(anonymous_73)
FNDA:1,(anonymous_74)
FNDA:0,(anonymous_75)
FNDA:1,(anonymous_76)
FNDA:1,(anonymous_77)
FNDA:1,(anonymous_78)
FNDA:0,(anonymous_79)
FNDA:2,(anonymous_80)
FNDA:1,(anonymous_81)
FNDA:0,(anonymous_82)
FNDA:1,(anonymous_83)
DA:1,1
DA:2,1
DA:3,1
DA:4,1
DA:5,1
DA:13,1
DA:14,1
DA:15,1
DA:17,1
DA:18,1
DA:19,1
DA:21,1
DA:22,1
DA:25,1
DA:28,1
DA:31,1
DA:34,1
DA:36,1
DA:40,1
DA:47,2
DA:50,1
DA:51,0
DA:55,1
DA:58,1
DA:67,1
DA:68,1
DA:72,1
DA:73,0
DA:76,0
DA:79,0
DA:84,1
DA:94,1
DA:95,1
DA:97,1
DA:98,1
DA:100,1
DA:105,1
DA:109,2
DA:110,2
DA:112,2
DA:114,1
DA:117,1
DA:118,1
DA:121,1
DA:122,1
DA:130,1
DA:131,0
DA:132,0
DA:135,1
DA:136,1
DA:137,0
DA:138,0
DA:139,1
DA:147,1
DA:148,1
DA:150,1
DA:151,0
DA:157,1
DA:158,2
DA:160,1
DA:161,1
DA:167,1
DA:177,2
DA:178,2
DA:179,1
DA:185,1
DA:187,1
DA:188,0
DA:196,1
DA:206,2
DA:207,2
DA:208,1
DA:214,1
DA:216,1
DA:217,0
DA:225,1
DA:235,2
DA:236,2
DA:237,1
DA:243,1
DA:245,1
DA:246,0
DA:254,1
DA:271,2
DA:272,2
DA:273,1
DA:279,1
DA:281,1
DA:282,0
DA:287,1
DA:311,1
DA:312,1
DA:313,0
DA:319,1
DA:325,0
DA:326,1
DA:336,1
DA:374,3
DA:418,4
DA:419,4
DA:420,3
DA:426,1
DA:428,1
DA:429,0
DA:437,1
DA:438,1
DA:440,1
DA:441,0
DA:450,1
DA:462,2
DA:463,2
DA:464,1
DA:470,2
DA:471,2
DA:472,2
DA:473,2
DA:474,2
DA:475,6
DA:476,6
DA:478,2
DA:480,2
DA:481,0
DA:488,1
DA:489,1
DA:491,1
DA:492,0
DA:498,1
DA:499,1
DA:501,1
DA:502,0
DA:510,1
DA:520,3
DA:521,3
DA:524,4
DA:525,4
DA:526,1
DA:527,1
DA:533,3
DA:535,2
DA:536,1
DA:543,1
DA:547,2
DA:548,2
DA:549,1
DA:550,1
DA:556,1
DA:558,1
DA:559,0
DA:567,1
DA:578,3
DA:579,3
DA:580,2
DA:581,2
DA:587,1
DA:589,1
DA:590,0
DA:595,1
DA:669,0
DA:670,0
DA:671,0
DA:677,0
DA:679,0
DA:680,0
DA:685,1
DA:758,5
DA:759,5
DA:760,3
DA:766,2
DA:767,2
DA:769,2
DA:770,0
DA:775,1
DA:855,1
DA:857,1
DA:858,0
DA:859,0
DA:865,1
DA:867,1
DA:868,0
DA:876,1
DA:880,2
DA:881,2
DA:882,1
DA:883,1
DA:889,1
DA:891,1
DA:892,0
DA:901,1
DA:905,1
DA:906,1
DA:907,0
DA:908,0
DA:914,1
DA:916,1
DA:917,0
DA:922,1
DA:929,1
DA:935,1
DA:936,0
DA:939,1
DA:940,0
DA:946,1
DA:950,2
DA:951,2
DA:952,1
DA:953,1
DA:959,1
DA:961,1
DA:962,0
DA:967,1
DA:968,1
DA:971,1
LF:212
LH:173
BRDA:50,0,0,0
BRDA:50,0,1,1
BRDA:98,1,0,0
BRDA:98,1,1,1
BRDA:110,2,0,0
BRDA:110,2,1,2
BRDA:112,3,0,1
BRDA:112,3,1,1
BRDA:118,4,0,0
BRDA:118,4,1,1
BRDA:136,5,0,0
BRDA:136,5,1,1
BRDA:178,6,0,1
BRDA:178,6,1,1
BRDA:207,7,0,1
BRDA:207,7,1,1
BRDA:236,8,0,1
BRDA:236,8,1,1
BRDA:272,9,0,1
BRDA:272,9,1,1
BRDA:312,10,0,0
BRDA:312,10,1,1
BRDA:375,11,0,3
BRDA:375,11,1,3
BRDA:375,11,2,0
BRDA:375,11,3,0
BRDA:419,12,0,3
BRDA:419,12,1,1
BRDA:463,13,0,1
BRDA:463,13,1,1
BRDA:525,14,0,1
BRDA:525,14,1,3
BRDA:548,15,0,1
BRDA:548,15,1,1
BRDA:579,16,0,2
BRDA:579,16,1,1
BRDA:670,17,0,0
BRDA:670,17,1,0
BRDA:759,18,0,3
BRDA:759,18,1,2
BRDA:857,19,0,0
BRDA:857,19,1,1
BRDA:881,20,0,1
BRDA:881,20,1,1
BRDA:906,21,0,0
BRDA:906,21,1,1
BRDA:951,22,0,1
BRDA:951,22,1,1
BRF:48
BRH:36
end_of_record
TN:
SF:user.js
FN:2,(anonymous_0)
FN:20,(anonymous_1)
FNF:2
FNH:1
FNDA:3,(anonymous_0)
FNDA:0,(anonymous_1)
DA:3,3
DA:4,3
DA:5,3
DA:6,3
DA:7,3
DA:8,3
DA:9,3
DA:10,3
DA:11,3
DA:12,3
DA:21,0
DA:25,2
LF:12
LH:11
BRF:0
BRH:0
end_of_record
TN:
SF:coverage\lcov-report\block-navigation.js
FN:2,init
FN:24,toggleClass
FN:31,makeCurrent
FN:41,goToPrevious
FN:52,goToNext
FN:65,jump
FNF:6
FNH:0
FNDA:0,init
FNDA:0,toggleClass
FNDA:0,makeCurrent
FNDA:0,goToPrevious
FNDA:0,goToNext
FNDA:0,jump
DA:2,0
DA:4,0
DA:7,0
DA:10,0
DA:14,0
DA:20,0
DA:25,0
DA:28,0
DA:32,0
DA:33,0
DA:34,0
DA:42,0
DA:43,0
DA:44,0
DA:45,0
DA:46,0
DA:49,0
DA:53,0
DA:55,0
DA:59,0
DA:62,0
DA:65,0
DA:66,0
DA:69,0
DA:70,0
DA:74,0
DA:75,0
DA:79,0
LF:28
LH:0
BRDA:43,0,0,0
BRDA:43,0,1,0
BRDA:43,1,0,0
BRDA:43,1,1,0
BRDA:45,2,0,0
BRDA:45,2,1,0
BRDA:55,3,0,0
BRDA:55,3,1,0
BRDA:56,4,0,0
BRDA:56,4,1,0
BRDA:66,5,0,0
BRDA:66,5,1,0
BRDA:66,5,2,0
BRDA:66,5,3,0
BRDA:66,5,4,0
BRF:15
BRH:0
end_of_record
TN:
SF:coverage\lcov-report\prettify.js
FN:2,(anonymous_0)
FN:2,k
FN:2,ab
FN:2,T
FN:2,X
FN:2,(anonymous_5)
FN:2,W
FN:2,(anonymous_7)
FN:2,a
FN:2,aa
FN:2,B
FN:2,o
FN:2,g
FN:2,(anonymous_13)
FN:2,(anonymous_14)
FN:2,i
FN:2,Q
FN:2,ae
FN:2,ad
FN:2,ai
FN:2,D
FN:2,c
FN:2,q
FN:2,d
FN:2,y
FN:2,b
FN:2,Y
FN:2,(anonymous_27)
FN:2,U
FNF:29
FNH:0
FNDA:0,(anonymous_0)
FNDA:0,k
FNDA:0,ab
FNDA:0,T
FNDA:0,X
FNDA:0,(anonymous_5)
FNDA:0,W
FNDA:0,(anonymous_7)
FNDA:0,a
FNDA:0,aa
FNDA:0,B
FNDA:0,o
FNDA:0,g
FNDA:0,(anonymous_13)
FNDA:0,(anonymous_14)
FNDA:0,i
FNDA:0,Q
FNDA:0,ae
FNDA:0,ad
FNDA:0,ai
FNDA:0,D
FNDA:0,c
FNDA:0,q
FNDA:0,d
FNDA:0,y
FNDA:0,b
FNDA:0,Y
FNDA:0,(anonymous_27)
FNDA:0,U
DA:2,0
LF:1
LH:0
BRDA:2,0,0,0
BRDA:2,0,1,0
BRDA:2,1,0,0
BRDA:2,1,1,0
BRDA:2,2,0,0
BRDA:2,2,1,0
BRDA:2,3,0,0
BRDA:2,3,1,0
BRDA:2,4,0,0
BRDA:2,4,1,0
BRDA:2,5,0,0
BRDA:2,5,1,0
BRDA:2,6,0,0
BRDA:2,6,1,0
BRDA:2,7,0,0
BRDA:2,7,1,0
BRDA:2,8,0,0
BRDA:2,8,1,0
BRDA:2,9,0,0
BRDA:2,9,1,0
BRDA:2,10,0,0
BRDA:2,10,1,0
BRDA:2,11,0,0
BRDA:2,11,1,0
BRDA:2,11,2,0
BRDA:2,11,3,0
BRDA:2,12,0,0
BRDA:2,12,1,0
BRDA:2,13,0,0
BRDA:2,13,1,0
BRDA:2,14,0,0
BRDA:2,14,1,0
BRDA:2,15,0,0
BRDA:2,15,1,0
BRDA:2,16,0,0
BRDA:2,16,1,0
BRDA:2,17,0,0
BRDA:2,17,1,0
BRDA:2,18,0,0
BRDA:2,18,1,0
BRDA:2,19,0,0
BRDA:2,19,1,0
BRDA:2,20,0,0
BRDA:2,20,1,0
BRDA:2,21,0,0
BRDA:2,21,1,0
BRDA:2,22,0,0
BRDA:2,22,1,0
BRDA:2,23,0,0
BRDA:2,23,1,0
BRDA:2,24,0,0
BRDA:2,24,1,0
BRDA:2,25,0,0
BRDA:2,25,1,0
BRDA:2,26,0,0
BRDA:2,26,1,0
BRDA:2,27,0,0
BRDA:2,27,1,0
BRDA:2,28,0,0
BRDA:2,28,1,0
BRDA:2,29,0,0
BRDA:2,29,1,0
BRDA:2,30,0,0
BRDA:2,30,1,0
BRDA:2,31,0,0
BRDA:2,31,1,0
BRDA:2,32,0,0
BRDA:2,32,1,0
BRDA:2,33,0,0
BRDA:2,33,1,0
BRDA:2,34,0,0
BRDA:2,34,1,0
BRDA:2,35,0,0
BRDA:2,35,1,0
BRDA:2,36,0,0
BRDA:2,36,1,0
BRDA:2,37,0,0
BRDA:2,37,1,0
BRDA:2,38,0,0
BRDA:2,38,1,0
BRDA:2,39,0,0
BRDA:2,39,1,0
BRDA:2,40,0,0
BRDA:2,40,1,0
BRDA:2,41,0,0
BRDA:2,41,1,0
BRDA:2,42,0,0
BRDA:2,42,1,0
BRDA:2,43,0,0
BRDA:2,43,1,0
BRDA:2,44,0,0
BRDA:2,44,1,0
BRDA:2,45,0,0
BRDA:2,45,1,0
BRDA:2,46,0,0
BRDA:2,46,1,0
BRDA:2,47,0,0
BRDA:2,47,1,0
BRDA:2,48,0,0
BRDA:2,48,1,0
BRDA:2,49,0,0
BRDA:2,49,1,0
BRDA:2,50,0,0
BRDA:2,50,1,0
BRDA:2,50,2,0
BRDA:2,51,0,0
BRDA:2,51,1,0
BRDA:2,52,0,0
BRDA:2,52,1,0
BRDA:2,53,0,0
BRDA:2,53,1,0
BRDA:2,54,0,0
BRDA:2,54,1,0
BRDA:2,55,0,0
BRDA:2,55,1,0
BRDA:2,56,0,0
BRDA:2,56,1,0
BRDA:2,57,0,0
BRDA:2,57,1,0
BRDA:2,58,0,0
BRDA:2,58,1,0
BRDA:2,59,0,0
BRDA:2,59,1,0
BRDA:2,60,0,0
BRDA:2,60,1,0
BRDA:2,61,0,0
BRDA:2,61,1,0
BRDA:2,62,0,0
BRDA:2,62,1,0
BRDA:2,63,0,0
BRDA:2,63,1,0
BRDA:2,64,0,0
BRDA:2,64,1,0
BRDA:2,65,0,0
BRDA:2,65,1,0
BRDA:2,66,0,0
BRDA:2,66,1,0
BRDA:2,67,0,0
BRDA:2,67,1,0
BRDA:2,68,0,0
BRDA:2,68,1,0
BRDA:2,69,0,0
BRDA:2,69,1,0
BRDA:2,70,0,0
BRDA:2,70,1,0
BRDA:2,71,0,0
BRDA:2,71,1,0
BRDA:2,72,0,0
BRDA:2,72,1,0
BRDA:2,73,0,0
BRDA:2,73,1,0
BRDA:2,74,0,0
BRDA:2,74,1,0
BRDA:2,75,0,0
BRDA:2,75,1,0
BRDA:2,76,0,0
BRDA:2,76,1,0
BRDA:2,77,0,0
BRDA:2,77,1,0
BRDA:2,78,0,0
BRDA:2,78,1,0
BRDA:2,79,0,0
BRDA:2,79,1,0
BRDA:2,80,0,0
BRDA:2,80,1,0
BRDA:2,81,0,0
BRDA:2,81,1,0
BRDA:2,82,0,0
BRDA:2,82,1,0
BRDA:2,83,0,0
BRDA:2,83,1,0
BRDA:2,84,0,0
BRDA:2,84,1,0
BRDA:2,85,0,0
BRDA:2,85,1,0
BRDA:2,86,0,0
BRDA:2,86,1,0
BRDA:2,87,0,0
BRDA:2,87,1,0
BRDA:2,88,0,0
BRDA:2,88,1,0
BRDA:2,89,0,0
BRDA:2,89,1,0
BRDA:2,89,2,0
BRDA:2,90,0,0
BRDA:2,90,1,0
BRDA:2,91,0,0
BRDA:2,91,1,0
BRDA:2,92,0,0
BRDA:2,92,1,0
BRDA:2,93,0,0
BRDA:2,93,1,0
BRDA:2,94,0,0
BRDA:2,94,1,0
BRDA:2,95,0,0
BRDA:2,95,1,0
BRDA:2,96,0,0
BRDA:2,96,1,0
BRDA:2,97,0,0
BRDA:2,97,1,0
BRDA:2,98,0,0
BRDA:2,98,1,0
BRDA:2,99,0,0
BRDA:2,99,1,0
BRDA:2,100,0,0
BRDA:2,100,1,0
BRDA:2,101,0,0
BRDA:2,101,1,0
BRDA:2,102,0,0
BRDA:2,102,1,0
BRDA:2,103,0,0
BRDA:2,103,1,0
BRDA:2,104,0,0
BRDA:2,104,1,0
BRDA:2,105,0,0
BRDA:2,105,1,0
BRDA:2,106,0,0
BRDA:2,106,1,0
BRDA:2,107,0,0
BRDA:2,107,1,0
BRDA:2,108,0,0
BRDA:2,108,1,0
BRDA:2,109,0,0
BRDA:2,109,1,0
BRDA:2,110,0,0
BRDA:2,110,1,0
BRDA:2,111,0,0
BRDA:2,111,1,0
BRDA:2,112,0,0
BRDA:2,112,1,0
BRDA:2,113,0,0
BRDA:2,113,1,0
BRDA:2,114,0,0
BRDA:2,114,1,0
BRDA:2,115,0,0
BRDA:2,115,1,0
BRDA:2,116,0,0
BRDA:2,116,1,0
BRDA:2,117,0,0
BRDA:2,117,1,0
BRDA:2,118,0,0
BRDA:2,118,1,0
BRDA:2,119,0,0
BRDA:2,119,1,0
BRDA:2,120,0,0
BRDA:2,120,1,0
BRDA:2,121,0,0
BRDA:2,121,1,0
BRDA:2,122,0,0
BRDA:2,122,1,0
BRDA:2,123,0,0
BRDA:2,123,1,0
BRDA:2,124,0,0
BRDA:2,124,1,0
BRDA:2,125,0,0
BRDA:2,125,1,0
BRDA:2,126,0,0
BRDA:2,126,1,0
BRDA:2,127,0,0
BRDA:2,127,1,0
BRDA:2,128,0,0
BRDA:2,128,1,0
BRDA:2,128,2,0
BRDA:2,129,0,0
BRDA:2,129,1,0
BRDA:2,130,0,0
BRDA:2,130,1,0
BRDA:2,131,0,0
BRDA:2,131,1,0
BRDA:2,131,2,0
BRDA:2,131,3,0
BRDA:2,131,4,0
BRDA:2,132,0,0
BRDA:2,132,1,0
BRDA:2,133,0,0
BRDA:2,133,1,0
BRDA:2,134,0,0
BRDA:2,134,1,0
BRDA:2,135,0,0
BRDA:2,135,1,0
BRDA:2,136,0,0
BRDA:2,136,1,0
BRDA:2,137,0,0
BRDA:2,137,1,0
BRDA:2,138,0,0
BRDA:2,138,1,0
BRF:286
BRH:0
end_of_record
TN:
SF:coverage\lcov-report\sorter.js
FN:2,(anonymous_0)
FN:11,getTable
FN:15,getTableHeader
FN:19,getTableBody
FN:23,getNthColumn
FN:28,loadColumns
FN:53,loadRowData
FN:72,loadData
FN:81,sortByIndex
FN:83,(anonymous_9)
FN:95,(anonymous_10)
FN:112,removeSortIndicators
FN:120,addSortIndicators
FN:126,enableUI
FN:129,ithSorter
FN:132,(anonymous_15)
FN:159,(anonymous_16)
FNF:17
FNH:0
FNDA:0,(anonymous_0)
FNDA:0,getTable
FNDA:0,getTableHeader
FNDA:0,getTableBody
FNDA:0,getNthColumn
FNDA:0,loadColumns
FNDA:0,loadRowData
FNDA:0,loadData
FNDA:0,sortByIndex
FNDA:0,(anonymous_9)
FNDA:0,(anonymous_10)
FNDA:0,removeSortIndicators
FNDA:0,addSortIndicators
FNDA:0,enableUI
FNDA:0,ithSorter
FNDA:0,(anonymous_15)
FNDA:0,(anonymous_16)
DA:2,0
DA:5,0
DA:12,0
DA:16,0
DA:20,0
DA:24,0
DA:29,0
DA:31,0
DA:35,0
DA:36,0
DA:37,0
DA:42,0
DA:43,0
DA:44,0
DA:45,0
DA:49,0
DA:54,0
DA:57,0
DA:60,0
DA:61,0
DA:62,0
DA:63,0
DA:64,0
DA:65,0
DA:67,0
DA:69,0
DA:73,0
DA:76,0
DA:77,0
DA:82,0
DA:83,0
DA:84,0
DA:85,0
DA:86,0
DA:88,0
DA:89,0
DA:90,0
DA:91,0
DA:94,0
DA:95,0
DA:96,0
DA:100,0
DA:101,0
DA:102,0
DA:105,0
DA:107,0
DA:108,0
DA:113,0
DA:114,0
DA:116,0
DA:117,0
DA:121,0
DA:129,0
DA:130,0
DA:132,0
DA:133,0
DA:135,0
DA:136,0
DA:138,0
DA:139,0
DA:140,0
DA:141,0
DA:142,0
DA:145,0
DA:146,0
DA:149,0
DA:150,0
DA:151,0
DA:153,0
DA:159,0
DA:160,0
DA:161,0
DA:163,0
DA:164,0
DA:165,0
DA:166,0
DA:170,0
LF:77
LH:0
BRDA:40,0,0,0
BRDA:40,0,1,0
BRDA:43,1,0,0
BRDA:43,1,1,0
BRDA:64,2,0,0
BRDA:64,2,1,0
BRDA:86,3,0,0
BRDA:86,3,1,0
BRDA:86,4,0,0
BRDA:86,4,1,0
BRDA:94,5,0,0
BRDA:94,5,1,0
BRDA:121,6,0,0
BRDA:121,6,1,0
BRDA:135,7,0,0
BRDA:135,7,1,0
BRDA:146,8,0,0
BRDA:146,8,1,0
BRDA:150,9,0,0
BRDA:150,9,1,0
BRDA:160,10,0,0
BRDA:160,10,1,0
BRF:22
BRH:0
end_of_record
