TN:
SF:src\API.js
FN:6,(anonymous_0)
FN:21,login
FN:43,logout
FN:47,checkSession
FN:57,getAllProducts
FN:67,getAllProductsByCategory
FN:86,addUser
FN:109,getAllUsers
FN:202,addOrder
FN:214,(anonymous_9)
FN:215,(anonymous_10)
FN:217,(anonymous_11)
FN:218,(anonymous_12)
FN:221,(anonymous_13)
FN:222,(anonymous_14)
FN:244,(anonymous_15)
FN:247,getAllOrders
FN:257,getClientOrders
FN:267,setDeliveredOrder
FN:277,updateClientWallet
FN:289,setAllPendingCancellationOrder
FN:299,deleteAllPendingOrder
FN:309,setPendingCancellationOrder
FN:319,deleteOrder
FNF:26
FNH:5
FNDA:0,(anonymous_0)
FNDA:0,login
FNDA:0,logout
FNDA:21,checkSession
FNDA:28,getAllProducts
FNDA:0,getAllProductsByCategory
FNDA:0,addUser
FNDA:0,getAllUsers
FNDA:0,addOrder
FNDA:13,(anonymous_9)
FNDA:0,(anonymous_10)
FNDA:0,(anonymous_11)
FNDA:0,(anonymous_12)
FNDA:0,(anonymous_13)
FNDA:0,(anonymous_14)
FNDA:0,(anonymous_15)
FNDA:10,getAllOrders
FNDA:0,getClientOrders
FNDA:0,setDeliveredOrder
FNDA:0,updateClientWallet
FNDA:0,setAllPendingCancellationOrder
FNDA:0,deleteAllPendingOrder
FNDA:1,setPendingCancellationOrder
FNDA:0,deleteOrder
DA:2,27
DA:6,27
DA:7,0
DA:8,0
DA:9,0
DA:10,0
DA:17,27
DA:22,0
DA:23,0
DA:30,0
DA:31,0
DA:32,0
DA:34,0
DA:35,0
DA:36,0
DA:38,0
DA:44,0
DA:48,21
DA:49,0
DA:50,0
DA:51,0
DA:53,0
DA:58,28
DA:59,28
DA:60,28
DA:61,21
DA:63,7
DA:68,0
DA:70,0
DA:71,0
DA:73,0
DA:74,0
DA:78,0
DA:80,0
DA:87,0
DA:88,0
DA:101,0
DA:102,0
DA:103,0
DA:105,0
DA:110,0
DA:111,0
DA:112,0
DA:113,0
DA:115,0
DA:203,0
DA:204,0
DA:206,0
DA:207,0
DA:208,0
DA:210,0
DA:214,16
DA:215,8
DA:217,13
DA:218,5
DA:220,2
DA:221,0
DA:222,0
DA:223,0
DA:224,0
DA:225,11
DA:233,0
DA:244,8
DA:248,10
DA:249,10
DA:250,10
DA:251,10
DA:253,10
DA:258,0
DA:259,0
DA:260,0
DA:261,0
DA:263,0
DA:268,0
DA:269,0
DA:270,0
DA:271,0
DA:273,0
DA:278,0
DA:279,0
DA:280,0
DA:281,0
DA:282,0
DA:283,0
DA:285,0
DA:290,0
DA:291,0
DA:292,0
DA:293,0
DA:295,0
DA:300,0
DA:301,0
DA:302,0
DA:303,0
DA:305,0
DA:310,0
DA:311,0
DA:312,0
DA:313,1
DA:315,1
DA:320,1
DA:321,1
DA:322,1
DA:323,0
DA:325,0
DA:330,16
LF:106
LH:27
BRDA:30,0,0,0
BRDA:30,0,1,0
BRDA:50,1,0,0
BRDA:50,1,1,0
BRDA:70,2,0,0
BRDA:70,2,1,0
BRDA:70,3,0,0
BRDA:70,3,1,0
BRDA:223,4,0,0
BRDA:223,4,1,0
BRF:10
BRH:0
end_of_record
TN:
SF:src\App.js
FN:10,App
FNF:1
FNH:1
FNDA:35,App
DA:11,35
DA:12,30
DA:14,30
DA:15,20
DA:17,20
LF:5
LH:5
BRDA:17,0,0,11
BRDA:17,0,1,9
BRF:2
BRH:2
end_of_record
TN:
SF:src\index.js
FNF:0
FNH:0
DA:12,0
DA:26,0
LF:2
LH:0
BRF:0
BRH:0
end_of_record
TN:
SF:src\components\fakedata.js
FNF:0
FNH:0
DA:1,7
DA:22,7
LF:2
LH:2
BRF:0
BRH:0
end_of_record
TN:
SF:src\components\common\Basket\Basket.js
FN:14,(anonymous_0)
FN:25,(anonymous_1)
FN:31,(anonymous_2)
FN:33,(anonymous_3)
FN:40,(anonymous_4)
FN:44,(anonymous_5)
FN:53,(anonymous_6)
FN:59,(anonymous_7)
FN:64,(anonymous_8)
FN:91,(anonymous_9)
FN:104,(anonymous_10)
FN:124,(anonymous_11)
FN:146,(anonymous_12)
FNF:13
FNH:5
FNDA:20,(anonymous_0)
FNDA:5,(anonymous_1)
FNDA:5,(anonymous_2)
FNDA:4,(anonymous_3)
FNDA:0,(anonymous_4)
FNDA:0,(anonymous_5)
FNDA:0,(anonymous_6)
FNDA:0,(anonymous_7)
FNDA:20,(anonymous_8)
FNDA:0,(anonymous_9)
FNDA:0,(anonymous_10)
FNDA:0,(anonymous_11)
FNDA:0,(anonymous_12)
DA:14,8
DA:16,20
DA:17,20
DA:18,20
DA:19,20
DA:20,20
DA:21,20
DA:22,20
DA:23,20
DA:25,20
DA:26,5
DA:27,4
DA:31,20
DA:32,5
DA:33,5
DA:34,4
DA:35,1
DA:37,5
DA:40,20
DA:41,0
DA:44,20
DA:45,0
DA:46,0
DA:47,0
DA:49,0
DA:50,0
DA:51,0
DA:52,0
DA:53,0
DA:54,0
DA:59,20
DA:60,0
DA:61,0
DA:64,20
DA:65,20
DA:73,20
DA:91,0
DA:104,0
DA:124,0
DA:146,0
LF:40
LH:24
BRDA:26,0,0,4
BRDA:26,0,1,1
BRDA:26,1,0,5
BRDA:26,1,1,5
BRDA:27,2,0,2
BRDA:27,2,1,2
BRDA:27,3,0,4
BRDA:27,3,1,3
BRDA:34,4,0,3
BRDA:34,4,1,1
BRDA:47,5,0,0
BRDA:47,5,1,0
BRDA:87,6,0,20
BRDA:87,6,1,19
BRDA:87,6,2,0
BRDA:90,7,0,0
BRDA:90,7,1,0
BRDA:134,8,0,20
BRDA:134,8,1,0
BRDA:134,9,0,20
BRDA:134,9,1,8
BRDA:134,9,2,4
BRF:22
BRH:16
end_of_record
TN:
SF:src\components\common\Basket\index.js
FNF:0
FNH:0
LF:0
LH:0
BRF:0
BRH:0
end_of_record
TN:
SF:src\components\common\Basket\BasketItem\BasketItem.js
FN:9,(anonymous_0)
FN:16,(anonymous_1)
FN:19,(anonymous_2)
FN:24,(anonymous_3)
FN:28,(anonymous_4)
FN:29,(anonymous_5)
FN:42,(anonymous_6)
FNF:7
FNH:4
FNDA:11,(anonymous_0)
FNDA:0,(anonymous_1)
FNDA:0,(anonymous_2)
FNDA:3,(anonymous_3)
FNDA:2,(anonymous_4)
FNDA:3,(anonymous_5)
FNDA:0,(anonymous_6)
DA:9,8
DA:10,11
DA:12,11
DA:13,11
DA:14,11
DA:16,11
DA:17,0
DA:18,0
DA:19,0
DA:21,0
DA:24,11
DA:25,3
DA:28,11
DA:29,3
DA:30,2
DA:31,1
DA:34,11
DA:42,0
LF:18
LH:13
BRDA:19,0,0,0
BRDA:19,0,1,0
BRDA:30,1,0,1
BRDA:30,1,1,1
BRF:4
BRH:2
end_of_record
TN:
SF:src\components\common\Login\Login.js
FN:12,Login
FN:19,(anonymous_1)
FN:56,(anonymous_2)
FN:69,(anonymous_3)
FN:82,(anonymous_4)
FNF:5
FNH:5
FNDA:16,Login
FNDA:1,(anonymous_1)
FNDA:1,(anonymous_2)
FNDA:9,(anonymous_3)
FNDA:2,(anonymous_4)
DA:13,16
DA:14,16
DA:15,16
DA:16,16
DA:17,16
DA:19,16
DA:20,1
DA:21,1
DA:22,1
DA:24,1
DA:25,1
DA:26,1
DA:27,0
DA:29,1
DA:30,1
DA:34,16
DA:56,1
DA:69,9
DA:82,2
LF:19
LH:18
BRDA:51,0,0,16
BRDA:51,0,1,2
BRDA:93,1,0,16
BRDA:93,1,1,2
BRF:4
BRH:4
end_of_record
TN:
SF:src\components\common\Login\index.js
FNF:0
FNH:0
LF:0
LH:0
BRF:0
BRH:0
end_of_record
TN:
SF:src\components\common\Main\Main.js
FN:14,(anonymous_0)
FNF:1
FNH:1
FNDA:10,(anonymous_0)
DA:14,7
DA:23,10
DA:25,10
LF:3
LH:3
BRDA:29,0,0,8
BRDA:29,0,1,2
BRDA:32,1,0,8
BRDA:32,1,1,2
BRDA:35,2,0,4
BRDA:35,2,1,6
BRDA:35,3,0,10
BRDA:35,3,1,8
BRDA:45,4,0,0
BRDA:45,4,1,10
BRDA:45,5,0,10
BRDA:45,5,1,8
BRDA:56,6,0,4
BRDA:56,6,1,6
BRDA:56,7,0,10
BRDA:56,7,1,8
BRDA:63,8,0,0
BRDA:63,8,1,10
BRDA:63,9,0,10
BRDA:63,9,1,8
BRF:20
BRH:18
end_of_record
TN:
SF:src\components\common\Main\index.js
FNF:0
FNH:0
LF:0
LH:0
BRF:0
BRH:0
end_of_record
TN:
SF:src\components\common\MyShop\MyShop.js
FN:31,(anonymous_0)
FN:35,(anonymous_1)
FN:79,(anonymous_2)
FN:85,(anonymous_3)
FN:86,(anonymous_4)
FN:87,(anonymous_5)
FN:112,(anonymous_6)
FN:129,(anonymous_7)
FN:144,(anonymous_8)
FN:158,(anonymous_9)
FN:175,(anonymous_10)
FN:192,(anonymous_11)
FNF:12
FNH:9
FNDA:36,(anonymous_0)
FNDA:12,(anonymous_1)
FNDA:0,(anonymous_2)
FNDA:0,(anonymous_3)
FNDA:0,(anonymous_4)
FNDA:52,(anonymous_5)
FNDA:2,(anonymous_6)
FNDA:2,(anonymous_7)
FNDA:2,(anonymous_8)
FNDA:2,(anonymous_9)
FNDA:2,(anonymous_10)
FNDA:2,(anonymous_11)
DA:10,9
DA:22,9
DA:31,9
DA:32,36
DA:33,36
DA:35,36
DA:36,12
DA:37,12
DA:39,2
DA:40,2
DA:42,2
DA:43,2
DA:45,2
DA:46,2
DA:48,2
DA:49,2
DA:51,2
DA:52,2
DA:54,2
DA:55,2
DA:57,0
DA:59,12
DA:62,36
DA:80,0
DA:85,0
DA:86,0
DA:87,52
DA:113,2
DA:130,2
DA:145,2
DA:159,2
DA:176,2
DA:193,2
LF:33
LH:29
BRDA:37,0,0,2
BRDA:37,0,1,2
BRDA:37,0,2,2
BRDA:37,0,3,2
BRDA:37,0,4,2
BRDA:37,0,5,2
BRDA:37,0,6,0
BRDA:80,1,0,0
BRDA:80,1,1,0
BRF:9
BRH:6
end_of_record
TN:
SF:src\components\common\Navbar\Navbar.js
FN:29,(anonymous_0)
FN:41,(anonymous_1)
FN:42,(anonymous_2)
FN:170,(anonymous_3)
FN:190,(anonymous_4)
FN:195,(anonymous_5)
FNF:6
FNH:2
FNDA:10,(anonymous_0)
FNDA:0,(anonymous_1)
FNDA:0,(anonymous_2)
FNDA:0,(anonymous_3)
FNDA:0,(anonymous_4)
FNDA:2,(anonymous_5)
DA:29,7
DA:38,10
DA:39,10
DA:41,10
DA:42,10
DA:44,10
DA:170,0
DA:190,0
DA:195,2
LF:9
LH:7
BRDA:85,0,0,10
BRDA:85,0,1,9
BRDA:85,0,2,0
BRDA:113,1,0,10
BRDA:113,1,1,9
BRDA:113,1,2,4
BRDA:134,2,0,1
BRDA:134,2,1,9
BRDA:159,3,0,9
BRDA:159,3,1,5
BRDA:186,4,0,0
BRDA:186,4,1,10
BRDA:193,5,0,1
BRDA:193,5,1,9
BRF:14
BRH:12
end_of_record
TN:
SF:src\components\common\Navbar\index.js
FNF:0
FNH:0
LF:0
LH:0
BRF:0
BRH:0
end_of_record
TN:
SF:src\components\common\ProductCard\ProductCard.js
FN:11,(anonymous_0)
FN:30,(anonymous_1)
FN:31,(anonymous_2)
FN:37,(anonymous_3)
FN:38,(anonymous_4)
FN:44,(anonymous_5)
FN:45,(anonymous_6)
FNF:12
FNH:7
FNDA:50,(anonymous_0)
FNDA:6,(anonymous_1)
FNDA:1,(anonymous_2)
FNDA:40,(anonymous_3)
FNDA:1,(anonymous_4)
FNDA:6,(anonymous_5)
FNDA:4,(anonymous_6)
DA:11,11
DA:26,50
DA:27,50
DA:28,50
DA:30,50
DA:31,14
DA:32,14
DA:33,4
DA:37,39
DA:38,40
DA:39,48
DA:40,40
DA:44,39
DA:45,4
DA:46,12
DA:47,6
DA:48,4
DA:49,2
DA:50,6
DA:51,4
DA:53,2
DA:54,6
DA:71,0
DA:72,0
DA:75,50
LF:25
LH:23
BRDA:32,0,0,1
BRDA:32,0,1,5
BRDA:39,1,0,39
BRDA:39,1,1,1
BRDA:46,2,0,4
BRDA:46,2,1,2
BRDA:47,3,0,0
BRDA:47,3,1,0
BRDA:97,4,0,7
BRDA:97,4,1,31
BRDA:112,5,0,38
BRDA:112,5,1,7
