TN:
SF:src/API.js
FN:7,(anonymous_0)
FN:20,login
FN:42,logout
FN:46,checkSession
FN:57,sendWeeklyNotification
FN:85,getAllProducts
FN:95,getAllProductsByCategory
FN:112,insertProduct
FN:146,getProductsByDate
FN:158,getProductsFromDate
FN:170,editProduct
FN:206,getAllProductsByCategoryAndDates
FN:229,getProductsToDate
FN:241,getProductsBetweenDates
FN:260,addUser
FN:284,getAllUsers
FN:377,addOrder
FN:389,(anonymous_17)
FN:390,(anonymous_18)
FN:392,(anonymous_19)
FN:393,(anonymous_20)
FN:396,(anonymous_21)
FN:397,(anonymous_22)
FN:419,(anonymous_23)
FN:422,getAllOrders
FN:432,getAllOrdersUnretrieved
FN:442,getClientOrders
FN:452,setDeliveredOrder
FN:462,updateClientWallet
FN:474,setAllPendingCancellationOrder
FN:484,deleteAllPendingOrder
FN:494,setPendingCancellationOrder
FN:504,deleteOrder
FN:514,setUnretrievedOrder
FN:524,addScheduledOrder
FNF:35
FNH:8
FNDA:2,(anonymous_0)
FNDA:0,login
FNDA:0,logout
FNDA:31,checkSession
FNDA:0,sendWeeklyNotification
FNDA:55,getAllProducts
FNDA:0,getAllProductsByCategory
FNDA:0,insertProduct
FNDA:0,getProductsByDate
FNDA:0,getProductsFromDate
FNDA:0,editProduct
FNDA:0,getAllProductsByCategoryAndDates
FNDA:0,getProductsToDate
FNDA:76,getProductsBetweenDates
FNDA:0,addUser
FNDA:38,getAllUsers
FNDA:0,addOrder
FNDA:0,(anonymous_17)
FNDA:0,(anonymous_18)
FNDA:0,(anonymous_19)
FNDA:0,(anonymous_20)
FNDA:0,(anonymous_21)
FNDA:0,(anonymous_22)
FNDA:0,(anonymous_23)
FNDA:0,getAllOrders
FNDA:2,getAllOrdersUnretrieved
FNDA:0,getClientOrders
FNDA:0,setDeliveredOrder
FNDA:0,updateClientWallet
FNDA:1,setAllPendingCancellationOrder
FNDA:1,deleteAllPendingOrder
FNDA:0,setPendingCancellationOrder
FNDA:0,deleteOrder
FNDA:0,setUnretrievedOrder
FNDA:0,addScheduledOrder
DA:3,40
DA:7,40
DA:8,2
DA:9,2
DA:10,2
DA:11,2
DA:18,40
DA:21,0
DA:22,0
DA:29,0
DA:30,0
DA:31,0
DA:33,0
DA:34,0
DA:35,0
DA:37,0
DA:43,0
DA:47,31
DA:48,0
DA:49,0
DA:50,0
DA:52,0
DA:67,0
DA:68,0
DA:69,0
DA:70,0
DA:72,0
DA:73,0
DA:77,0
DA:79,0
DA:86,55
DA:87,55
DA:88,55
DA:89,43
DA:91,29
DA:96,0
DA:98,0
DA:99,0
DA:101,0
DA:102,0
DA:106,0
DA:108,0
DA:124,0
DA:125,0
DA:138,0
DA:139,0
DA:140,0
DA:142,0
DA:147,0
DA:148,0
DA:149,0
DA:152,0
DA:154,0
DA:159,0
DA:160,0
DA:161,0
DA:164,0
DA:166,0
DA:183,0
DA:184,0
DA:198,0
DA:199,0
DA:200,0
DA:202,0
DA:211,0
DA:213,0
DA:214,0
DA:216,0
DA:217,0
DA:223,0
DA:225,0
DA:230,0
DA:231,0
DA:232,0
DA:235,0
DA:237,0
DA:242,76
DA:243,76
DA:244,0
DA:245,0
DA:247,76
DA:248,76
DA:252,63
DA:254,64
DA:261,0
DA:262,0
DA:276,0
DA:277,0
DA:278,0
DA:280,0
DA:285,38
DA:286,38
DA:287,38
DA:288,27
DA:290,25
DA:378,0
DA:379,0
DA:381,0
DA:382,0
DA:383,0
DA:385,0
DA:389,40
DA:390,0
DA:392,0
DA:393,0
DA:395,0
DA:396,0
DA:397,0
DA:398,0
DA:399,0
DA:400,0
DA:408,0
DA:419,0
DA:423,0
DA:424,0
DA:425,0
DA:426,0
DA:428,0
DA:433,2
DA:434,2
DA:435,2
DA:436,2
DA:438,2
DA:443,0
DA:444,0
DA:445,0
DA:446,0
DA:448,0
DA:453,0
DA:454,0
DA:455,0
DA:456,0
DA:458,0
DA:463,0
DA:464,0
DA:465,0
DA:466,0
DA:467,0
DA:468,0
DA:470,0
DA:475,1
DA:476,1
DA:477,1
DA:478,1
DA:480,1
DA:485,1
DA:486,1
DA:487,1
DA:488,1
DA:490,0
DA:495,0
DA:496,0
DA:497,0
DA:498,0
DA:500,0
DA:505,0
DA:506,0
DA:507,0
DA:508,0
DA:510,0
DA:515,0
DA:516,0
DA:517,0
DA:518,0
DA:520,0
DA:536,0
DA:537,0
DA:550,0
DA:551,0
DA:552,0
DA:554,0
DA:559,40
LF:172
LH:40
BRDA:29,0,0,0
BRDA:29,0,1,0
BRDA:49,1,0,0
BRDA:49,1,1,0
BRDA:68,2,0,0
BRDA:68,2,1,0
BRDA:98,3,0,0
BRDA:98,3,1,0
BRDA:98,4,0,0
BRDA:98,4,1,0
BRDA:213,5,0,0
BRDA:213,5,1,0
BRDA:213,6,0,0
BRDA:213,6,1,0
BRDA:243,7,0,0
BRDA:243,7,1,76
BRDA:398,8,0,0
BRDA:398,8,1,0
BRF:18
BRH:1
end_of_record
TN:
SF:src/App.js
FN:10,App
FNF:1
FNH:1
FNDA:65,App
DA:11,65
DA:12,55
DA:14,55
DA:15,39
DA:17,39
LF:5
LH:5
BRDA:17,0,0,31
BRDA:17,0,1,8
BRF:2
BRH:2
end_of_record
TN:
SF:src/dayjsJestMockUp.js
FNF:0
FNH:0
LF:0
LH:0
BRF:0
BRH:0
end_of_record
TN:
SF:src/howIsNow.js
FNF:0
FNH:0
LF:0
LH:0
BRF:0
BRH:0
end_of_record
TN:
SF:src/index.js
FNF:0
FNH:0
DA:12,0
DA:26,0
LF:2
LH:0
BRF:0
BRH:0
end_of_record
TN:
SF:src/secretToken.js
FNF:0
FNH:0
DA:1,0
LF:1
LH:0
BRF:0
BRH:0
end_of_record
TN:
SF:src/components/fakedata.js
FNF:0
FNH:0
DA:1,12
DA:22,12
LF:2
LH:2
BRF:0
BRH:0
end_of_record
TN:
SF:src/components/common/Basket/Basket.js
FN:14,(anonymous_0)
FN:25,(anonymous_1)
FN:31,(anonymous_2)
FN:33,(anonymous_3)
FN:40,(anonymous_4)
FN:44,(anonymous_5)
FN:52,(anonymous_6)
FN:58,(anonymous_7)
FN:63,(anonymous_8)
FN:90,(anonymous_9)
FN:103,(anonymous_10)
FN:141,(anonymous_11)
FN:160,(anonymous_12)
FNF:13
FNH:5
FNDA:23,(anonymous_0)
FNDA:6,(anonymous_1)
FNDA:6,(anonymous_2)
FNDA:4,(anonymous_3)
FNDA:0,(anonymous_4)
FNDA:0,(anonymous_5)
FNDA:0,(anonymous_6)
FNDA:0,(anonymous_7)
FNDA:32,(anonymous_8)
FNDA:0,(anonymous_9)
FNDA:0,(anonymous_10)
FNDA:0,(anonymous_11)
FNDA:0,(anonymous_12)
DA:14,13
DA:16,23
DA:17,23
DA:18,23
DA:19,23
DA:20,23
DA:21,23
DA:22,23
DA:23,23
DA:25,23
DA:26,6
DA:27,4
DA:31,23
DA:32,6
DA:33,6
DA:34,4
DA:35,1
DA:37,6
DA:40,23
DA:41,0
DA:44,23
DA:45,0
DA:46,0
DA:47,0
DA:49,0
DA:50,0
DA:51,0
DA:52,0
DA:53,0
DA:58,23
DA:59,0
DA:60,0
DA:63,23
DA:64,32
DA:72,23
DA:90,0
DA:103,0
DA:141,0
DA:160,0
LF:39
LH:24
BRDA:26,0,0,4
BRDA:26,0,1,2
BRDA:26,1,0,6
BRDA:26,1,1,6
BRDA:27,2,0,2
BRDA:27,2,1,2
BRDA:27,3,0,4
BRDA:27,3,1,3
BRDA:34,4,0,3
BRDA:34,4,1,1
BRDA:47,5,0,0
BRDA:47,5,1,0
BRDA:86,6,0,23
BRDA:86,6,1,21
BRDA:86,6,2,0
BRDA:89,7,0,0
BRDA:89,7,1,0
BRDA:118,8,0,23
BRDA:118,8,1,12
BRDA:118,8,2,10
BRDA:125,9,0,23
BRDA:125,9,1,21
BRDA:125,9,2,2
BRDA:128,10,0,23
BRDA:128,10,1,11
BRDA:129,11,0,23
BRDA:129,11,1,2
BRDA:132,12,0,23
BRDA:132,12,1,7
BRDA:150,13,0,23
BRDA:150,13,1,12
BRDA:150,13,2,10
BRF:32
BRH:27
end_of_record
TN:
SF:src/components/common/Basket/index.js
FNF:0
FNH:0
LF:0
LH:0
BRF:0
BRH:0
end_of_record
TN:
SF:src/components/common/Basket/BasketItem/BasketItem.js
FN:10,(anonymous_0)
FN:18,(anonymous_1)
FN:21,(anonymous_2)
FN:26,(anonymous_3)
FN:31,(anonymous_4)
FN:32,(anonymous_5)
FN:38,(anonymous_6)
FN:39,(anonymous_7)
FN:45,(anonymous_8)
FN:50,(anonymous_9)
FN:64,(anonymous_10)
FNF:11
FNH:7
FNDA:14,(anonymous_0)
FNDA:0,(anonymous_1)
FNDA:0,(anonymous_2)
FNDA:3,(anonymous_3)
FNDA:2,(anonymous_4)
FNDA:3,(anonymous_5)
FNDA:3,(anonymous_6)
FNDA:2,(anonymous_7)
FNDA:2,(anonymous_8)
FNDA:0,(anonymous_9)
FNDA:0,(anonymous_10)
DA:10,13
DA:11,14
DA:12,14
DA:13,14
DA:14,14
DA:15,14
DA:16,14
DA:17,14
DA:18,14
DA:19,0
DA:20,0
DA:21,0
DA:23,0
DA:26,14
DA:27,3
DA:31,14
DA:32,3
DA:33,2
DA:34,1
DA:38,17
DA:39,5
DA:40,3
DA:41,3
DA:44,5
DA:45,3
DA:46,3
DA:50,5
DA:51,2
DA:55,17
DA:64,1
LF:30
LH:30
BRDA:21,0,0,2
BRDA:21,0,1,2
BRDA:33,1,0,2
BRDA:33,1,1,1
BRDA:44,2,0,3
BRDA:44,2,1,2
BRDA:51,3,0,1
BRDA:51,3,1,1
BRF:8
BRH:8
end_of_record
TN:
SF:src/components/common/HomePage/HomePage.js
FN:10,(anonymous_0)
FNF:1
FNH:1
FNDA:10,(anonymous_0)
DA:10,12
DA:11,10
LF:2
LH:2
BRF:0
BRH:0
end_of_record
TN:
SF:src/components/common/Login/Login.js
FN:11,Login
FN:18,(anonymous_1)
FN:43,(anonymous_2)
FN:54,(anonymous_3)
FN:66,(anonymous_4)
FNF:5
FNH:1
FNDA:2,Login
FNDA:0,(anonymous_1)
FNDA:0,(anonymous_2)
FNDA:0,(anonymous_3)
FNDA:0,(anonymous_4)
DA:12,2
DA:13,2
DA:14,2
DA:15,2
DA:16,2
DA:18,2
DA:19,0
DA:20,0
DA:21,0
DA:23,0
DA:24,0
DA:25,0
DA:26,0
DA:28,0
DA:29,0
DA:33,2
DA:43,0
DA:54,0
DA:66,0
LF:19
LH:7
BRDA:40,0,0,2
BRDA:40,0,1,0
BRDA:76,1,0,2
BRDA:76,1,1,0
BRF:4
BRH:2
end_of_record
TN:
SF:src/components/common/Login/index.js
FNF:0
FNH:0
LF:0
LH:0
BRF:0
BRH:0
end_of_record
TN:
SF:src/components/common/Main/Main.js
FN:14,(anonymous_0)
FNF:1
FNH:1
FNDA:9,(anonymous_0)
DA:14,12
DA:23,9
DA:25,9
LF:3
LH:3
BRDA:29,0,0,6
BRDA:29,0,1,3
BRDA:32,1,0,6
BRDA:32,1,1,3
BRDA:35,2,0,3
BRDA:35,2,1,6
BRDA:35,3,0,9
BRDA:35,3,1,6
BRDA:45,4,0,0
BRDA:45,4,1,9
BRDA:45,5,0,9
BRDA:45,5,1,6
BRDA:56,6,0,3
BRDA:56,6,1,6
BRDA:56,7,0,9
BRDA:56,7,1,6
BRDA:63,8,0,0
BRDA:63,8,1,9
BRDA:63,9,0,9
BRDA:63,9,1,6
BRDA:90,10,0,9
BRDA:90,10,1,0
BRDA:90,11,0,9
BRDA:90,11,1,6
BRDA:90,11,2,9
BRF:25
BRH:22
end_of_record
TN:
SF:src/components/common/Main/index.js
FNF:0
FNH:0
LF:0
LH:0
BRF:0
BRH:0
end_of_record
TN:
SF:src/components/common/MyShop/MyShop.js
FN:47,(anonymous_0)
FN:60,(anonymous_1)
FN:77,(anonymous_2)
FN:93,(anonymous_3)
FN:95,getTimeframe
FN:133,(anonymous_5)
FN:140,(anonymous_6)
FN:149,(anonymous_7)
FN:194,(anonymous_8)
FN:225,(anonymous_9)
FN:258,(anonymous_10)
FN:274,(anonymous_11)
FN:288,(anonymous_12)
FN:301,(anonymous_13)
FN:317,(anonymous_14)
FN:333,(anonymous_15)
FN:374,(anonymous_16)
FN:380,(anonymous_17)
FN:381,(anonymous_18)
FN:383,(anonymous_19)
FN:418,(anonymous_20)
FN:438,(anonymous_21)
FN:460,(anonymous_22)
FN:487,(anonymous_23)
FN:514,(anonymous_24)
FN:540,(anonymous_25)
FN:552,(anonymous_26)
FN:567,(anonymous_27)
FNF:28
FNH:3
FNDA:6,(anonymous_0)
FNDA:0,(anonymous_1)
FNDA:0,(anonymous_2)
FNDA:0,(anonymous_3)
FNDA:4,getTimeframe
FNDA:2,(anonymous_5)
FNDA:0,(anonymous_6)
FNDA:0,(anonymous_7)
FNDA:0,(anonymous_8)
FNDA:0,(anonymous_9)
FNDA:0,(anonymous_10)
FNDA:0,(anonymous_11)
FNDA:0,(anonymous_12)
FNDA:0,(anonymous_13)
FNDA:0,(anonymous_14)
FNDA:0,(anonymous_15)
FNDA:0,(anonymous_16)
FNDA:42,(anonymous_17)
FNDA:0,(anonymous_18)
FNDA:0,(anonymous_19)
FNDA:0,(anonymous_20)
FNDA:0,(anonymous_21)
FNDA:0,(anonymous_22)
FNDA:0,(anonymous_23)
FNDA:0,(anonymous_24)
FNDA:0,(anonymous_25)
FNDA:0,(anonymous_26)
FNDA:0,(anonymous_27)
DA:25,15
DA:38,15
DA:47,15
DA:48,6
DA:49,6
DA:50,6
DA:51,6
DA:52,6
DA:53,6
DA:54,6
DA:55,6
DA:56,6
DA:57,6
DA:58,6
DA:59,6
DA:60,6
DA:61,6
DA:62,6
DA:64,6
DA:65,0
DA:77,0
DA:82,6
DA:83,0
DA:96,0
DA:98,6
DA:101,4
DA:107,4
DA:109,0
DA:110,0
DA:112,0
DA:113,0
DA:115,0
DA:116,0
DA:118,0
DA:119,0
DA:121,0
DA:122,0
DA:124,4
DA:125,4
DA:127,0
DA:128,0
DA:130,0
DA:133,4
DA:134,4
DA:135,4
DA:138,6
DA:139,2
DA:140,2
DA:141,2
DA:143,2
DA:145,2
DA:146,0
DA:147,0
DA:152,2
DA:170,0
DA:195,2
DA:199,6
DA:201,0
DA:202,0
DA:204,0
DA:206,0
DA:207,0
DA:209,0
DA:210,0
DA:212,0
DA:213,0
DA:215,0
DA:216,0
DA:218,0
DA:219,0
DA:221,0
DA:222,0
DA:224,0
DA:225,0
DA:227,0
DA:229,0
DA:230,0
DA:231,0
DA:245,0
DA:246,0
DA:249,6
DA:250,0
DA:252,6
DA:282,0
DA:298,0
DA:312,0
DA:325,0
DA:341,0
DA:357,0
DA:371,0
DA:376,42
DA:389,0
DA:419,0
DA:420,0
DA:425,0
DA:426,0
DA:428,0
DA:465,0
DA:486,0
DA:509,0
DA:537,0
DA:558,0
DA:569,28
DA:595,0
DA:622,0
DA:633,0
DA:648,0
DA:658,0
DA:659,0
LF:106
LH:38
BRDA:107,0,0,0
BRDA:107,0,1,0
BRDA:107,0,2,0
BRDA:107,0,3,0
BRDA:107,0,4,0
BRDA:107,0,5,4
BRDA:107,0,6,0
BRDA:107,0,7,0
BRDA:146,1,0,0
BRDA:146,1,1,0
BRDA:152,2,0,2
BRDA:152,2,1,2
BRDA:152,2,2,0
BRDA:201,3,0,0
BRDA:201,3,1,0
BRDA:204,4,0,0
BRDA:204,4,1,0
BRDA:204,4,2,0
BRDA:204,4,3,0
BRDA:204,4,4,0
BRDA:204,4,5,0
BRDA:204,4,6,0
BRDA:204,4,7,0
BRDA:229,5,0,0
BRDA:229,5,1,0
BRDA:231,6,0,0
BRDA:231,6,1,0
BRDA:232,7,0,0
BRDA:232,7,1,0
BRDA:232,7,2,0
BRDA:232,7,3,0
BRDA:232,7,4,0
BRDA:232,7,5,0
BRDA:232,7,6,0
BRDA:232,7,7,0
BRDA:232,7,8,0
BRDA:232,7,9,0
BRDA:232,7,10,0
BRDA:232,7,11,0
BRDA:403,8,0,4
BRDA:403,8,1,2
BRDA:419,9,0,0
BRDA:419,9,1,0
BRDA:460,10,0,0
BRDA:460,10,1,4
BRDA:531,11,0,0
BRDA:531,11,1,4
BRDA:552,12,0,0
BRDA:552,12,1,4
BRDA:589,13,0,0
BRDA:589,13,1,4
BRDA:673,14,0,0
BRDA:673,14,1,0
BRDA:698,15,0,2
BRDA:698,15,1,2
BRDA:699,16,0,2
BRDA:699,16,1,2
BRDA:705,17,0,2
BRDA:705,17,1,0
BRF:59
BRH:14
end_of_record
TN:
SF:src/components/common/MyShop/MyShopImages.js
FN:7,(anonymous_0)
FN:12,(anonymous_1)
FN:16,(anonymous_2)
FN:22,(anonymous_3)
FN:23,(anonymous_4)
FN:34,(anonymous_5)
FN:59,(anonymous_6)
FNF:7
FNH:6
FNDA:3,(anonymous_0)
FNDA:1,(anonymous_1)
FNDA:1,(anonymous_2)
FNDA:156,(anonymous_3)
FNDA:156,(anonymous_4)
FNDA:1,(anonymous_5)
FNDA:0,(anonymous_6)
DA:7,16
DA:8,3
DA:10,3
DA:12,3
DA:13,1
DA:16,3
DA:17,1
DA:18,1
DA:21,3
DA:22,156
DA:24,156
DA:34,1
DA:42,3
DA:59,0
LF:14
LH:13
BRF:0
BRH:0
end_of_record
TN:
SF:src/components/common/Navbar/Navbar.js
FN:30,(anonymous_0)
FN:43,(anonymous_1)
FN:45,(anonymous_2)
FN:46,(anonymous_3)
FN:310,(anonymous_4)
FN:321,(anonymous_5)
FN:341,(anonymous_6)
FN:346,(anonymous_7)
FNF:8
FNH:4
FNDA:21,(anonymous_0)
FNDA:3,(anonymous_1)
FNDA:0,(anonymous_2)
FNDA:0,(anonymous_3)
FNDA:0,(anonymous_4)
FNDA:1,(anonymous_5)
FNDA:0,(anonymous_6)
FNDA:22,(anonymous_7)
DA:30,12
DA:39,21
DA:40,21
DA:42,21
DA:43,21
DA:45,17
DA:46,17
DA:48,17
DA:310,0
DA:322,1
DA:341,0
DA:346,22
LF:12
LH:10
BRDA:43,0,0,19
BRDA:43,0,1,2
BRDA:59,1,0,15
BRDA:59,1,1,2
BRDA:96,2,0,17
BRDA:96,2,1,15
BRDA:96,2,2,0
BRDA:127,3,0,17
BRDA:127,3,1,15
BRDA:127,3,2,2
BRDA:146,4,0,17
BRDA:146,4,1,2
BRDA:210,5,0,17
BRDA:210,5,1,15
BRDA:210,5,2,0
BRDA:232,6,0,17
BRDA:232,6,1,15
BRDA:232,6,2,2
BRDA:244,7,0,17
BRDA:244,7,1,15
BRDA:244,7,2,0
BRDA:258,8,0,2
BRDA:258,8,1,15
BRDA:258,9,0,17
BRDA:258,9,1,2
BRDA:284,10,0,0
BRDA:284,10,1,15
BRDA:284,11,0,15
BRDA:284,11,1,15
BRDA:284,12,0,15
BRDA:284,12,1,0
BRDA:286,13,0,3
BRDA:286,13,1,12
BRDA:299,14,0,15
BRDA:299,14,1,13
BRDA:337,15,0,0
BRDA:337,15,1,17
BRDA:344,16,0,17
BRDA:344,16,1,11
BRF:39
BRH:33
end_of_record
TN:
SF:src/components/common/Navbar/index.js
FNF:0
FNH:0
LF:0
LH:0
BRF:0
BRH:0
end_of_record
TN:
SF:src/components/common/ProductCard/ProductCard.js
FN:13,(anonymous_0)
FN:37,(anonymous_1)
FN:38,(anonymous_2)
FN:45,(anonymous_3)
FN:46,(anonymous_4)
FN:51,(anonymous_5)
FN:52,(anonymous_6)
FN:59,(anonymous_7)
FN:60,(anonymous_8)
FN:90,editClick
FNF:10
FNH:5
FNDA:9,(anonymous_0)
FNDA:1,(anonymous_1)
FNDA:0,(anonymous_2)
FNDA:1,(anonymous_3)
FNDA:0,(anonymous_4)
FNDA:1,(anonymous_5)
FNDA:0,(anonymous_6)
FNDA:1,(anonymous_7)
FNDA:0,(anonymous_8)
FNDA:0,editClick
DA:13,17
DA:31,9
DA:32,9
DA:33,3
DA:34,3
DA:36,3
DA:37,3
DA:38,1
DA:39,1
DA:40,0
DA:45,3
DA:46,1
DA:47,1
DA:51,3
DA:52,1
DA:53,1
DA:54,1
DA:59,3
DA:60,1
DA:61,1
DA:62,1
DA:63,0
DA:64,0
DA:65,0
DA:66,0
DA:68,1
DA:69,1
DA:86,0
DA:87,0
DA:91,0
DA:92,0
DA:107,3
LF:32
LH:23
BRDA:39,0,0,0
BRDA:39,0,1,1
BRDA:47,1,0,0
BRDA:47,1,1,1
BRDA:53,2,0,1
BRDA:53,2,1,0
BRDA:61,3,0,1
BRDA:61,3,1,0
BRDA:62,4,0,0
BRDA:62,4,1,1
BRDA:133,5,0,3
BRDA:133,5,1,0
BRDA:143,6,0,0
BRDA:143,6,1,3
BRDA:157,7,0,3
BRDA:157,7,1,3
BRF:16
BRH:9
end_of_record
TN:
SF:src/components/common/ProductCard/index.js
FNF:0
FNH:0
LF:0
LH:0
BRF:0
BRH:0
end_of_record
TN:
SF:src/components/common/Register/Register.js
FN:16,Register
FN:35,(anonymous_1)
FN:90,(anonymous_2)
FN:109,(anonymous_3)
FN:115,(anonymous_4)
FN:165,(anonymous_5)
FN:176,(anonymous_6)
FN:208,(anonymous_7)
FN:221,(anonymous_8)
FN:238,(anonymous_9)
FN:251,(anonymous_10)
FN:264,(anonymous_11)
FN:277,(anonymous_12)
FN:302,(anonymous_13)
FN:323,(anonymous_14)
FN:339,(anonymous_15)
FN:355,(anonymous_16)
FN:367,(anonymous_17)
FN:406,(anonymous_18)
FN:414,(anonymous_19)
FNF:20
FNH:18
FNDA:108,Register
FNDA:2,(anonymous_1)
FNDA:2,(anonymous_2)
FNDA:1,(anonymous_3)
FNDA:1,(anonymous_4)
FNDA:0,(anonymous_5)
FNDA:1,(anonymous_6)
FNDA:4,(anonymous_7)
FNDA:0,(anonymous_8)
FNDA:16,(anonymous_9)
FNDA:6,(anonymous_10)
FNDA:8,(anonymous_11)
FNDA:6,(anonymous_12)
FNDA:11,(anonymous_13)
FNDA:21,(anonymous_14)
FNDA:8,(anonymous_15)
FNDA:6,(anonymous_16)
FNDA:6,(anonymous_17)
FNDA:1,(anonymous_18)
FNDA:1,(anonymous_19)
DA:17,108
DA:18,107
DA:19,107
DA:20,107
DA:21,107
DA:22,107
DA:23,107
DA:24,107
DA:25,107
DA:26,107
DA:27,107
DA:28,107
DA:29,107
DA:30,107
DA:31,107
DA:32,107
DA:33,107
DA:35,107
DA:36,2
DA:37,2
DA:38,2
DA:39,2
DA:40,2
DA:41,1
DA:42,1
DA:55,1
DA:56,1
DA:57,1
DA:58,1
DA:59,1
DA:60,1
DA:61,1
DA:74,1
DA:75,1
DA:76,1
DA:77,1
DA:79,0
DA:80,0
DA:82,2
DA:84,0
DA:85,0
DA:90,107
DA:91,2
DA:92,2
DA:93,2
DA:94,2
DA:95,2
DA:96,2
DA:97,2
DA:98,2
DA:99,2
DA:100,2
DA:101,2
DA:102,2
DA:103,2
DA:104,2
DA:105,2
DA:106,2
DA:109,107
DA:110,1
DA:111,1
DA:112,1
DA:115,107
DA:116,1
DA:117,1
DA:120,107
DA:122,106
DA:166,0
DA:177,1
DA:208,4
DA:221,0
DA:238,16
DA:251,6
DA:264,8
DA:277,6
DA:302,11
DA:323,21
DA:339,8
DA:355,6
DA:367,6
DA:406,1
DA:414,1
LF:82
LH:76
BRDA:37,0,0,2
BRDA:37,0,1,0
BRDA:40,1,0,1
BRDA:40,1,1,1
BRDA:59,2,0,1
BRDA:59,2,1,0
BRDA:120,3,0,1
BRDA:120,3,1,106
BRDA:120,4,0,107
BRDA:120,4,1,107
BRDA:129,5,0,106
BRDA:129,5,1,0
BRDA:142,6,0,106
BRDA:142,6,1,8
BRDA:155,7,0,104
BRDA:155,7,1,2
BRDA:163,8,0,46
BRDA:163,8,1,58
BRDA:174,9,0,58
BRDA:174,9,1,46
BRDA:289,10,0,104
BRDA:289,10,1,58
BRDA:309,11,0,58
BRDA:309,11,1,46
BRDA:369,12,0,104
BRDA:369,12,1,14
BRDA:372,13,0,104
BRDA:372,13,1,14
BRDA:388,14,0,104
BRDA:388,14,1,4
BRF:30
BRH:27
end_of_record
TN:
SF:src/components/common/Register/index.js
FNF:0
FNH:0
LF:0
LH:0
BRF:0
BRH:0
end_of_record
TN:
SF:src/components/common/Shop/Shop.js
FN:13,(anonymous_0)
FN:22,(anonymous_1)
FN:26,(anonymous_2)
FN:34,(anonymous_3)
FN:69,(anonymous_4)
FN:75,(anonymous_5)
FN:92,(anonymous_6)
FN:94,(anonymous_7)
FN:95,(anonymous_8)
FNF:9
FNH:3
FNDA:2,(anonymous_0)
FNDA:1,(anonymous_1)
FNDA:0,(anonymous_2)
FNDA:0,(anonymous_3)
FNDA:0,(anonymous_4)
FNDA:400,(anonymous_5)
FNDA:0,(anonymous_6)
FNDA:0,(anonymous_7)
FNDA:0,(anonymous_8)
DA:13,12
DA:14,2
DA:15,2
DA:16,2
DA:17,2
DA:19,2
DA:20,2
DA:22,2
DA:23,1
DA:24,0
DA:25,0
DA:26,0
DA:28,1
DA:32,2
DA:48,0
DA:69,2
DA:70,0
DA:71,0
DA:72,0
DA:75,2
DA:76,400
DA:79,2
DA:92,0
DA:94,0
DA:95,0
LF:25
LH:15
BRDA:23,0,0,0
BRDA:23,0,1,1
BRDA:32,1,0,2
BRDA:32,1,1,1
BRDA:32,1,2,1
BRDA:70,2,0,0
BRDA:70,2,1,0
BRDA:113,3,0,0
BRDA:113,3,1,2
BRDA:118,4,0,2
BRDA:118,4,1,2
BRDA:118,4,2,2
BRDA:118,4,3,2
BRDA:121,5,0,2
BRDA:121,5,1,2
BRDA:125,6,0,2
BRDA:125,6,1,0
BRDA:125,7,0,2
BRDA:125,7,1,2
BRDA:125,7,2,2
BRF:20
BRH:15
end_of_record
TN:
SF:src/components/common/Sidebar/Sidebar.js
FN:7,(anonymous_0)
FN:8,(anonymous_1)
FNF:2
FNH:2
FNDA:2,(anonymous_0)
FNDA:16,(anonymous_1)
DA:7,12
DA:8,2
DA:9,16
DA:10,14
DA:21,2
DA:32,2
LF:6
LH:6
BRDA:9,0,0,14
BRDA:9,0,1,2
BRF:2
BRH:2
end_of_record
TN:
SF:src/components/common/Sidebar/index.js
FNF:0
FNH:0
LF:0
LH:0
BRF:0
BRH:0
end_of_record
TN:
SF:src/components/content/Clients/ClientRow.js
FN:8,(anonymous_0)
FN:21,(anonymous_1)
FN:33,(anonymous_2)
FNF:3
FNH:1
FNDA:1,(anonymous_0)
FNDA:0,(anonymous_1)
FNDA:0,(anonymous_2)
DA:8,13
DA:10,1
DA:11,1
DA:12,1
DA:14,1
DA:16,1
DA:21,0
DA:29,1
DA:33,0
DA:39,1
LF:10
LH:8
BRDA:16,0,0,1
BRDA:16,0,1,1
BRF:2
BRH:2
end_of_record
TN:
SF:src/components/content/Clients/Clients.js
FN:9,(anonymous_0)
FN:14,(anonymous_1)
FN:19,(anonymous_2)
FN:20,(anonymous_3)
FN:37,(anonymous_4)
FN:39,(anonymous_5)
FN:46,(anonymous_6)
FN:57,(anonymous_7)
FNF:8
FNH:7
FNDA:4,(anonymous_0)
FNDA:2,(anonymous_1)
FNDA:4,(anonymous_2)
FNDA:0,(anonymous_3)
FNDA:2,(anonymous_4)
FNDA:1,(anonymous_5)
FNDA:1,(anonymous_6)
FNDA:6,(anonymous_7)
DA:9,13
DA:10,4
DA:11,4
DA:12,4
DA:14,4
DA:15,2
DA:19,4
DA:21,0
DA:37,4
DA:39,2
DA:40,1
DA:41,1
DA:44,2
DA:45,1
DA:46,1
DA:47,1
DA:48,1
DA:53,4
DA:57,6
LF:19
LH:18
BRDA:16,0,0,2
BRDA:16,0,1,2
BRDA:16,0,2,2
BRDA:44,1,0,1
BRDA:44,1,1,1
BRDA:75,2,0,2
BRDA:75,2,1,2
BRF:7
BRH:7
end_of_record
TN:
SF:src/components/content/Clients/ModalDetails.js
FN:6,(anonymous_0)
FN:17,(anonymous_1)
FN:60,(anonymous_2)
FNF:3
FNH:1
FNDA:1,(anonymous_0)
FNDA:0,(anonymous_1)
FNDA:0,(anonymous_2)
DA:6,13
DA:7,1
DA:8,1
DA:9,1
DA:11,1
DA:17,0
DA:60,0
LF:7
LH:5
BRF:0
BRH:0
end_of_record
TN:
SF:src/components/content/Clients/ModalTopUp.js
FN:7,(anonymous_0)
FN:11,(anonymous_1)
FN:17,(anonymous_2)
FN:56,(anonymous_3)
FN:72,(anonymous_4)
FNF:5
FNH:4
FNDA:3,(anonymous_0)
FNDA:1,(anonymous_1)
FNDA:1,(anonymous_2)
FNDA:1,(anonymous_3)
FNDA:0,(anonymous_4)
DA:7,14
DA:8,3
DA:9,3
DA:11,3
DA:12,1
DA:14,1
DA:17,3
DA:18,1
DA:20,1
DA:21,1
DA:22,1
DA:23,1
DA:24,1
DA:27,0
DA:31,3
DA:57,1
DA:72,0
LF:17
LH:15
BRDA:22,0,0,1
BRDA:22,0,1,0
BRF:2
BRH:1
end_of_record
TN:
SF:src/components/content/Clients/index.js
FNF:0
FNH:0
LF:0
LH:0
BRF:0
BRH:0
end_of_record
TN:
SF:src/components/content/Farmers/Farmers.js
FN:5,(anonymous_0)
FNF:1
FNH:1
FNDA:1,(anonymous_0)
DA:5,1
DA:6,1
LF:2
LH:2
BRF:0
BRH:0
end_of_record
TN:
SF:src/components/content/Farmers/index.js
FNF:0
FNH:0
LF:0
LH:0
BRF:0
BRH:0
end_of_record
TN:
SF:src/components/content/ManagerPage/Reports.js
FN:9,(anonymous_0)
FNF:1
FNH:1
FNDA:2,(anonymous_0)
DA:9,13
DA:10,2
DA:12,2
DA:14,2
LF:4
LH:4
BRF:0
BRH:0
end_of_record
TN:
SF:src/components/content/ManagerPage/UnretrievedFoodReport.js
FN:12,(anonymous_0)
FN:26,(anonymous_1)
FNF:2
FNH:2
FNDA:16,(anonymous_0)
FNDA:5,(anonymous_1)
DA:10,13
DA:12,13
DA:13,16
DA:15,16
DA:17,16
DA:18,16
DA:19,16
DA:20,16
DA:21,16
DA:23,16
DA:24,16
DA:26,16
DA:27,5
DA:28,5
DA:29,5
DA:32,16
LF:16
LH:16
BRF:0
BRH:0
end_of_record
TN:
SF:src/components/content/ManagerPage/UnretrievedReportFilters.js
FN:5,UnretrievedReportFilters
FN:30,(anonymous_1)
FN:56,(anonymous_2)
FN:70,(anonymous_3)
FNF:4
FNH:4
FNDA:17,UnretrievedReportFilters
FNDA:3,(anonymous_1)
FNDA:1,(anonymous_2)
FNDA:1,(anonymous_3)
DA:17,17
DA:19,16
DA:30,3
DA:57,1
DA:71,1
LF:5
LH:5
BRDA:41,0,0,16
BRDA:41,0,1,0
BRF:2
BRH:1
end_of_record
TN:
SF:src/components/content/ManagerPage/UnretrievedReportGraphs.js
FN:23,(anonymous_0)
FN:58,UnretrievedReportGraphs
FN:81,(anonymous_2)
FN:82,(anonymous_3)
FN:92,(anonymous_4)
FN:97,(anonymous_5)
FN:104,(anonymous_6)
FN:112,(anonymous_7)
FN:116,(anonymous_8)
FN:130,(anonymous_9)
FN:144,(anonymous_10)
FN:159,(anonymous_11)
FN:182,(anonymous_12)
FNF:13
FNH:9
FNDA:676,(anonymous_0)
FNDA:26,UnretrievedReportGraphs
FNDA:2,(anonymous_2)
FNDA:2,(anonymous_3)
FNDA:2,(anonymous_4)
FNDA:8,(anonymous_5)
FNDA:0,(anonymous_6)
FNDA:5,(anonymous_7)
FNDA:5,(anonymous_8)
FNDA:0,(anonymous_9)
FNDA:0,(anonymous_10)
FNDA:0,(anonymous_11)
FNDA:17,(anonymous_12)
DA:8,13
DA:23,13
DA:24,676
DA:25,676
DA:29,13
DA:32,13
DA:36,13
DA:69,26
DA:71,26
DA:72,26
DA:73,26
DA:74,26
DA:78,26
DA:79,26
DA:81,26
DA:82,2
DA:83,2
DA:84,0
DA:85,0
DA:87,2
DA:88,2
DA:92,2
DA:93,2
DA:97,26
DA:99,8
DA:100,0
DA:102,8
DA:104,0
DA:108,8
DA:109,8
DA:112,26
DA:113,5
DA:116,26
DA:117,5
DA:119,0
DA:120,0
DA:121,0
DA:122,0
DA:123,0
DA:126,0
DA:130,26
DA:131,0
DA:133,0
DA:134,0
DA:135,0
DA:136,0
DA:137,0
DA:140,0
DA:144,26
DA:146,0
DA:147,0
DA:148,0
DA:150,0
DA:152,0
DA:153,0
DA:155,0
DA:156,0
DA:159,26
DA:163,0
DA:164,0
DA:168,0
DA:169,0
DA:173,0
DA:174,0
DA:178,0
DA:182,26
DA:183,17
DA:184,5
DA:185,5
DA:186,5
DA:187,5
DA:188,5
DA:190,0
DA:191,0
DA:192,0
DA:193,0
DA:198,26
DA:209,26
DA:217,26
DA:219,26
LF:80
LH:44
BRDA:83,0,0,0
BRDA:83,0,1,2
BRDA:99,1,0,0
BRDA:99,1,1,8
BRDA:102,2,0,2
BRDA:102,2,1,6
BRDA:117,3,0,0
BRDA:117,3,1,5
BRDA:122,4,0,0
BRDA:122,4,1,0
BRDA:122,5,0,0
BRDA:122,5,1,0
BRDA:131,6,0,0
BRDA:131,6,1,0
BRDA:136,7,0,0
BRDA:136,7,1,0
BRDA:136,8,0,0
BRDA:136,8,1,0
BRDA:152,9,0,0
BRDA:152,9,1,0
BRDA:163,10,0,0
BRDA:163,10,1,0
BRDA:168,11,0,0
BRDA:168,11,1,0
BRDA:173,12,0,0
BRDA:173,12,1,0
BRDA:183,13,0,5
BRDA:183,13,1,12
BRDA:184,14,0,5
BRDA:184,14,1,0
BRDA:221,15,0,12
BRDA:221,15,1,14
BRDA:226,16,0,0
BRDA:226,16,1,14
BRDA:226,17,0,14
BRDA:226,17,1,0
BRDA:229,18,0,10
BRDA:229,18,1,4
BRF:38
BRH:14
end_of_record
TN:
SF:src/components/content/ManagerPage/index.js
FNF:0
FNH:0
LF:0
LH:0
BRF:0
BRH:0
end_of_record
TN:
SF:src/components/content/Order/Order.js
FN:6,(anonymous_0)
FNF:1
FNH:1
FNDA:1,(anonymous_0)
DA:6,1
DA:7,1
DA:9,1
LF:3
LH:3
BRF:0
BRH:0
end_of_record
TN:
SF:src/components/content/Order/index.js
FNF:0
FNH:0
LF:0
LH:0
BRF:0
BRH:0
end_of_record
TN:
SF:src/components/content/Orders/ModalConfirmation.js
FN:6,(anonymous_0)
FN:10,(anonymous_1)
FN:20,(anonymous_2)
FN:50,(anonymous_3)
FNF:4
FNH:4
FNDA:28,(anonymous_0)
FNDA:2,(anonymous_1)
FNDA:1,(anonymous_2)
FNDA:1,(anonymous_3)
DA:6,20
DA:7,28
DA:8,28
DA:10,28
DA:11,2
DA:14,28
DA:20,28
DA:21,1
DA:22,1
DA:23,1
DA:24,1
DA:25,1
DA:26,1
DA:29,1
DA:33,28
DA:51,1
LF:16
LH:16
BRDA:24,0,0,1
BRDA:24,0,1,0
BRF:2
BRH:1
end_of_record
TN:
SF:src/components/content/Orders/OrderRow.js
FN:8,(anonymous_0)
FN:43,(anonymous_1)
FN:67,(anonymous_2)
FNF:3
FNH:2
FNDA:2,(anonymous_0)
FNDA:1,(anonymous_1)
FNDA:0,(anonymous_2)
DA:8,18
DA:17,2
DA:19,2
DA:20,2
DA:22,2
DA:30,2
DA:43,1
DA:67,0
LF:8
LH:7
BRDA:60,0,0,2
BRDA:60,0,1,2
BRDA:72,1,0,0
BRDA:72,1,1,2
BRF:4
BRH:3
end_of_record
TN:
SF:src/components/content/Orders/Orders.js
FN:8,(anonymous_0)
FN:11,(anonymous_1)
FNF:2
FNH:1
FNDA:2,(anonymous_0)
FNDA:0,(anonymous_1)
DA:8,13
DA:9,2
DA:11,2
DA:12,0
DA:25,2
LF:5
LH:4
BRDA:26,0,0,2
BRDA:26,0,1,0
BRDA:40,1,0,2
BRDA:40,1,1,0
BRF:4
BRH:2
end_of_record
TN:
SF:src/components/content/Orders/ProductsList.js
FN:8,(anonymous_0)
FN:15,mapOrderProducts
FN:17,(anonymous_2)
FNF:3
FNH:3
FNDA:3,(anonymous_0)
FNDA:3,mapOrderProducts
FNDA:1,(anonymous_2)
DA:8,19
DA:9,3
DA:11,3
DA:13,3
DA:16,3
DA:17,1
DA:18,1
DA:29,3
LF:8
LH:8
BRDA:13,0,0,0
BRDA:13,0,1,3
BRDA:16,1,0,1
BRDA:16,1,1,2
BRDA:16,2,0,3
BRDA:16,2,1,3
BRDA:40,3,0,0
BRDA:40,3,1,3
BRF:8
BRH:6
end_of_record
TN:
SF:src/components/content/Orders/ProductsModal.js
FN:4,(anonymous_0)
FN:20,(anonymous_1)
FNF:2
FNH:1
FNDA:3,(anonymous_0)
FNDA:0,(anonymous_1)
DA:4,19
DA:12,3
DA:14,3
DA:20,3
DA:21,0
DA:24,3
LF:6
LH:5
BRF:0
BRH:0
end_of_record
TN:
SF:src/components/content/Orders/index.js
FNF:0
FNH:0
LF:0
LH:0
BRF:0
BRH:0
end_of_record
TN:
SF:src/components/content/User/ProductsList.js
FN:8,(anonymous_0)
FN:15,mapOrderProducts
FN:17,(anonymous_2)
FNF:3
FNH:3
FNDA:3,(anonymous_0)
FNDA:3,mapOrderProducts
FNDA:1,(anonymous_2)
DA:8,16
DA:9,3
DA:11,3
DA:13,3
DA:16,3
DA:17,1
DA:18,1
DA:29,3
LF:8
LH:8
BRDA:13,0,0,0
BRDA:13,0,1,3
BRDA:16,1,0,1
BRDA:16,1,1,2
BRDA:16,2,0,3
BRDA:16,2,1,3
BRDA:40,3,0,0
BRDA:40,3,1,3
BRF:8
BRH:6
end_of_record
TN:
SF:src/components/content/User/ProductsModal.js
FN:4,(anonymous_0)
FN:13,(anonymous_1)
FNF:2
FNH:1
FNDA:3,(anonymous_0)
FNDA:0,(anonymous_1)
DA:4,15
DA:5,3
DA:7,3
DA:13,3
DA:14,0
DA:17,3
LF:6
LH:5
BRF:0
BRH:0
end_of_record
TN:
SF:src/components/content/User/User.js
FN:9,(anonymous_0)
FN:13,(anonymous_1)
FNF:2
FNH:1
FNDA:12,(anonymous_0)
FNDA:0,(anonymous_1)
DA:9,13
DA:10,12
DA:11,12
DA:13,12
DA:14,0
DA:26,12
LF:6
LH:5
BRDA:66,0,0,12
BRDA:66,0,1,0
BRF:2
BRH:1
end_of_record
TN:
SF:src/components/content/User/UserOrderRow.js
FN:7,(anonymous_0)
FN:51,(anonymous_1)
FNF:2
FNH:2
FNDA:2,(anonymous_0)
FNDA:1,(anonymous_1)
DA:7,14
DA:15,2
DA:17,2
DA:18,2
DA:20,2
DA:28,2
DA:51,1
LF:7
LH:7
BRF:0
BRH:0
end_of_record
TN:
SF:src/components/content/User/index.js
FNF:0
FNH:0
LF:0
LH:0
BRF:0
BRH:0
end_of_record
TN:
SF:src/components/misc/Breadcrumbs.js
FN:20,(anonymous_0)
FN:27,(anonymous_1)
FN:28,(anonymous_2)
FN:33,(anonymous_3)
FN:47,(anonymous_4)
FN:55,(anonymous_5)
FN:61,(anonymous_6)
FN:68,(anonymous_7)
FN:72,(anonymous_8)
FN:82,(anonymous_9)
FN:88,(anonymous_10)
FN:130,(anonymous_11)
FN:162,(anonymous_12)
FN:180,(anonymous_13)
FN:187,(anonymous_14)
FNF:15
FNH:10
FNDA:233,(anonymous_0)
FNDA:17,(anonymous_1)
FNDA:1,(anonymous_2)
FNDA:1,(anonymous_3)
FNDA:1,(anonymous_4)
FNDA:1,(anonymous_5)
FNDA:0,(anonymous_6)
FNDA:2,(anonymous_7)
FNDA:2,(anonymous_8)
FNDA:462,(anonymous_9)
FNDA:2,(anonymous_10)
FNDA:0,(anonymous_11)
FNDA:0,(anonymous_12)
FNDA:0,(anonymous_13)
FNDA:0,(anonymous_14)
DA:20,33
DA:21,233
DA:22,233
DA:23,231
DA:24,231
DA:25,231
DA:27,231
DA:28,17
DA:30,1
DA:33,17
DA:34,1
DA:42,17
DA:47,1
DA:50,16
DA:55,1
DA:61,231
DA:62,0
DA:63,0
DA:64,0
DA:68,231
DA:69,2
DA:72,231
DA:73,2
DA:74,2
DA:75,0
DA:77,2
DA:80,231
DA:82,462
DA:85,231
DA:88,231
DA:89,2
DA:90,0
DA:104,2
DA:120,231
DA:130,0
DA:162,0
DA:180,0
DA:187,0
LF:38
LH:29
BRDA:42,0,0,1
BRDA:42,0,1,16
BRDA:43,1,0,17
BRDA:43,1,1,4
BRDA:43,1,2,1
BRDA:50,2,0,1
BRDA:50,2,1,15
BRDA:51,3,0,16
BRDA:51,3,1,3
BRDA:51,3,2,1
BRDA:62,4,0,0
BRDA:62,4,1,0
BRDA:89,5,0,0
BRDA:89,5,1,2
BRDA:89,6,0,2
BRDA:89,6,1,2
BRDA:123,7,0,231
BRDA:123,7,1,0
BRDA:147,8,0,0
BRDA:147,8,1,231
BRDA:157,9,0,231
BRDA:157,9,1,0
BRF:22
BRH:16
end_of_record
TN:
SF:src/components/misc/Button.js
FN:3,(anonymous_0)
FNF:1
FNH:1
FNDA:31,(anonymous_0)
DA:3,18
DA:4,31
DA:5,31
LF:3
LH:3
BRDA:5,0,0,4
BRDA:5,0,1,27
BRDA:12,1,0,4
BRDA:12,1,1,4
BRDA:24,2,0,27
BRDA:24,2,1,10
BRF:6
BRH:6
end_of_record
TN:
SF:src/components/misc/ConfirmModal.js
FN:3,(anonymous_0)
FNF:1
FNH:1
FNDA:23,(anonymous_0)
DA:3,13
DA:4,23
LF:2
LH:2
BRF:0
BRH:0
end_of_record
TN:
SF:src/components/misc/DateModal.js
FN:13,(anonymous_0)
FN:36,(anonymous_1)
FN:44,(anonymous_2)
FN:68,(anonymous_3)
FNF:4
FNH:1
FNDA:232,(anonymous_0)
FNDA:0,(anonymous_1)
FNDA:0,(anonymous_2)
FNDA:0,(anonymous_3)
DA:13,34
DA:14,232
DA:15,232
DA:16,232
DA:18,232
DA:36,0
DA:44,0
DA:69,0
DA:70,0
LF:9
LH:5
BRDA:57,0,0,232
BRDA:57,0,1,0
BRF:2
BRH:1
end_of_record
TN:
SF:src/components/misc/Page.js
FN:5,(anonymous_0)
FNF:1
FNH:1
FNDA:129,(anonymous_0)
DA:5,23
DA:6,129
DA:8,129
LF:3
LH:3
BRDA:14,0,0,129
BRDA:14,0,1,129
BRDA:19,1,0,129
BRDA:19,1,1,6
BRDA:27,2,0,128
BRDA:27,2,1,1
BRF:6
BRH:6
end_of_record
TN:
SF:src/components/misc/QuantitySelector.js
FN:3,(anonymous_0)
FN:16,(anonymous_1)
FN:21,(anonymous_2)
FN:24,(anonymous_3)
FN:35,(anonymous_4)
FN:40,(anonymous_5)
FN:43,(anonymous_6)
FNF:7
FNH:7
FNDA:24,(anonymous_0)
FNDA:4,(anonymous_1)
FNDA:2,(anonymous_2)
FNDA:2,(anonymous_3)
FNDA:2,(anonymous_4)
FNDA:1,(anonymous_5)
FNDA:1,(anonymous_6)
DA:3,21
DA:14,21
DA:16,21
DA:17,4
DA:18,2
DA:19,2
DA:20,2
DA:21,2
DA:22,2
DA:23,2
DA:24,2
DA:25,2
DA:27,0
DA:29,2
DA:30,2
DA:35,24
DA:36,2
DA:37,1
DA:38,1
DA:39,1
DA:40,1
DA:41,1
DA:42,1
DA:43,1
DA:44,1
DA:46,0
DA:48,1
DA:49,1
DA:55,24
LF:29
LH:27
BRDA:17,0,0,2
BRDA:17,0,1,2
BRDA:18,1,0,2
BRDA:18,1,1,0
BRDA:20,2,0,2
BRDA:20,2,1,0
BRDA:25,3,0,2
BRDA:25,3,1,0
BRDA:36,4,0,1
BRDA:36,4,1,1
BRDA:37,5,0,1
BRDA:37,5,1,0
BRDA:39,6,0,1
BRDA:39,6,1,0
BRDA:44,7,0,1
BRDA:44,7,1,0
BRF:16
BRH:10
end_of_record
TN:
SF:src/components/misc/Spinner.js
FN:1,(anonymous_0)
FNF:1
FNH:1
FNDA:44,(anonymous_0)
DA:1,19
DA:2,44
LF:2
LH:2
BRF:0
BRH:0
end_of_record
TN:
SF:src/components/misc/index.js
FNF:0
FNH:0
LF:0
LH:0
BRF:0
BRH:0
end_of_record
TN:
SF:src/context/TimeContext.js
FN:6,(anonymous_0)
FN:13,(anonymous_1)
FN:35,(anonymous_2)
FN:38,(anonymous_3)
FNF:4
FNH:2
FNDA:66,(anonymous_0)
FNDA:35,(anonymous_1)
FNDA:0,(anonymous_2)
FNDA:0,(anonymous_3)
DA:4,40
DA:6,40
DA:7,66
DA:9,66
DA:10,66
DA:11,66
DA:13,66
DA:14,35
DA:15,35
DA:18,35
DA:19,31
DA:21,4
DA:25,35
DA:30,15
DA:32,20
DA:35,35
DA:36,0
DA:37,0
DA:38,0
DA:39,0
DA:43,0
DA:48,35
DA:49,0
DA:53,66
LF:24
LH:18
BRDA:18,0,0,31
BRDA:18,0,1,4
BRDA:18,1,0,35
BRDA:18,1,1,29
BRDA:18,1,2,6
BRDA:18,1,3,2
BRDA:25,2,0,15
BRDA:25,2,1,20
BRDA:26,3,0,35
BRDA:26,3,1,0
BRDA:26,3,2,35
BRDA:26,3,3,29
BRDA:26,3,4,35
BRDA:26,3,5,29
BRDA:39,4,0,0
BRDA:39,4,1,0
BRDA:40,5,0,0
BRDA:40,5,1,0
BRDA:48,6,0,0
BRDA:48,6,1,35
BRDA:48,7,0,35
BRDA:48,7,1,0
BRF:22
BRH:15
end_of_record
TN:
SF:src/context/UserContext.js
FN:8,(anonymous_0)
FN:24,(anonymous_1)
FN:29,(anonymous_2)
FN:35,(anonymous_3)
FN:36,(anonymous_4)
FN:53,(anonymous_5)
FN:54,(anonymous_6)
FN:61,(anonymous_7)
FN:68,(anonymous_8)
FN:69,(anonymous_9)
FN:79,(anonymous_10)
FN:86,(anonymous_11)
FN:88,(anonymous_12)
FN:92,(anonymous_13)
FN:97,(anonymous_14)
FN:106,(anonymous_15)
FN:112,(anonymous_16)
FN:113,(anonymous_17)
FN:119,(anonymous_18)
FN:126,getTimeframe
FNF:20
FNH:15
FNDA:309,(anonymous_0)
FNDA:0,(anonymous_1)
FNDA:0,(anonymous_2)
FNDA:39,(anonymous_3)
FNDA:35,(anonymous_4)
FNDA:76,(anonymous_5)
FNDA:56,(anonymous_6)
FNDA:45,(anonymous_7)
FNDA:76,(anonymous_8)
FNDA:76,(anonymous_9)
FNDA:64,(anonymous_10)
FNDA:111,(anonymous_11)
FNDA:2,(anonymous_12)
FNDA:0,(anonymous_13)
FNDA:0,(anonymous_14)
FNDA:0,(anonymous_15)
FNDA:35,(anonymous_16)
FNDA:35,(anonymous_17)
FNDA:23,(anonymous_18)
FNDA:76,getTimeframe
DA:6,40
DA:8,40
DA:9,309
DA:10,309
DA:11,309
DA:12,307
DA:13,307
DA:14,307
DA:15,307
DA:16,307
DA:17,307
DA:18,307
DA:19,307
DA:20,307
DA:21,307
DA:22,307
DA:24,307
DA:25,0
DA:26,0
DA:29,307
DA:30,0
DA:31,0
DA:32,0
DA:35,307
DA:36,39
DA:37,35
DA:38,35
DA:39,4
DA:40,4
DA:41,4
DA:42,4
DA:44,2
DA:45,2
DA:48,39
DA:49,35
DA:53,307
DA:54,76
DA:55,56
DA:56,45
DA:59,76
DA:60,56
DA:61,56
DA:62,45
DA:63,44
DA:68,307
DA:69,76
DA:70,76
DA:71,76
DA:75,64
DA:78,76
DA:79,76
DA:80,64
DA:81,64
DA:86,307
DA:87,111
DA:88,2
DA:89,2
DA:90,2
DA:92,0
DA:96,1
DA:97,0
DA:100,0
DA:101,0
DA:102,0
DA:103,0
DA:106,2
DA:107,0
DA:109,109
DA:112,307
DA:113,35
DA:114,35
DA:115,25
DA:118,35
DA:119,35
DA:120,23
DA:127,76
DA:133,76
DA:135,12
DA:136,12
DA:138,0
DA:139,0
DA:141,0
DA:142,0
DA:144,0
DA:145,0
DA:147,0
DA:148,0
DA:150,58
DA:151,58
DA:153,6
DA:154,6
DA:156,0
DA:159,76
DA:160,76
DA:161,76
DA:163,307
LF:96
LH:75
BRDA:48,0,0,35
BRDA:48,0,1,4
BRDA:59,1,0,56
BRDA:59,1,1,20
BRDA:59,2,0,76
BRDA:59,2,1,30
BRDA:87,3,0,2
BRDA:87,3,1,109
BRDA:87,4,0,111
BRDA:87,4,1,111
BRDA:87,4,2,2
BRDA:91,5,0,1
BRDA:91,5,1,1
BRDA:101,6,0,0
BRDA:101,6,1,0
BRDA:101,7,0,0
BRDA:101,7,1,0
BRDA:118,8,0,35
BRDA:118,8,1,0
BRDA:133,9,0,12
BRDA:133,9,1,0
BRDA:133,9,2,0
BRDA:133,9,3,0
BRDA:133,9,4,0
BRDA:133,9,5,58
BRDA:133,9,6,6
BRDA:133,9,7,0
BRF:27
BRH:17
end_of_record
TN:
SF:src/img/uploads/imagesList.js
FNF:0
FNH:0
DA:1,16
LF:1
LH:1
BRF:0
BRH:0
end_of_record
