TN:
SF:src\API.js
FN:7,(anonymous_0)
FN:20,login
FN:42,logout
FN:46,checkSession
FN:58,getAllProducts
FN:68,getAllProductsByCategory
FN:85,getProductsByDate
FN:97,getProductsFromDate
FN:109,getProductsToDate
FN:121,getProductsBetweenDates
FN:140,addUser
FN:163,getAllUsers
FN:256,addOrder
FN:268,(anonymous_13)
FN:269,(anonymous_14)
FN:271,(anonymous_15)
FN:272,(anonymous_16)
FN:275,(anonymous_17)
FN:276,(anonymous_18)
FN:298,(anonymous_19)
FN:301,getAllOrders
FN:311,getClientOrders
FN:321,setDeliveredOrder
FN:331,updateClientWallet
FNF:24
FNH:0
FNDA:0,(anonymous_0)
FNDA:0,login
FNDA:0,logout
FNDA:0,checkSession
FNDA:0,getAllProducts
FNDA:0,getAllProductsByCategory
FNDA:0,getProductsByDate
FNDA:0,getProductsFromDate
FNDA:0,getProductsToDate
FNDA:0,getProductsBetweenDates
FNDA:0,addUser
FNDA:0,getAllUsers
FNDA:0,addOrder
FNDA:0,(anonymous_13)
FNDA:0,(anonymous_14)
FNDA:0,(anonymous_15)
FNDA:0,(anonymous_16)
FNDA:0,(anonymous_17)
FNDA:0,(anonymous_18)
FNDA:0,(anonymous_19)
FNDA:0,getAllOrders
FNDA:0,getClientOrders
FNDA:0,setDeliveredOrder
FNDA:0,updateClientWallet
DA:3,2
DA:7,2
DA:8,0
DA:9,0
DA:10,0
DA:11,0
DA:18,2
DA:21,0
DA:22,0
DA:29,0
DA:30,0
DA:31,0
DA:33,0
DA:34,0
DA:35,0
DA:37,0
DA:43,0
DA:47,0
DA:48,0
DA:49,0
DA:50,0
DA:52,0
DA:59,0
DA:60,0
DA:61,0
DA:62,0
DA:64,0
DA:69,0
DA:71,0
DA:72,0
DA:74,0
DA:75,0
DA:79,0
DA:81,0
DA:86,0
DA:87,0
DA:88,0
DA:91,0
DA:93,0
DA:98,0
DA:99,0
DA:100,0
DA:103,0
DA:105,0
DA:110,0
DA:111,0
DA:112,0
DA:115,0
DA:117,0
DA:122,0
DA:123,0
DA:124,0
DA:125,0
DA:127,0
DA:128,0
DA:132,0
DA:134,0
DA:141,0
DA:142,0
DA:155,0
DA:156,0
DA:157,0
DA:159,0
DA:164,0
DA:165,0
DA:166,0
DA:167,0
DA:169,0
DA:257,0
DA:258,0
DA:260,0
DA:261,0
DA:262,0
DA:264,0
DA:268,2
DA:269,0
DA:271,0
DA:272,0
DA:274,0
DA:275,0
DA:276,0
DA:277,0
DA:278,0
DA:279,0
DA:287,0
DA:298,0
DA:302,0
DA:303,0
DA:304,0
DA:305,0
DA:307,0
DA:312,0
DA:313,0
DA:314,0
DA:315,0
DA:317,0
DA:322,0
DA:323,0
DA:324,0
DA:325,0
DA:327,0
DA:332,0
DA:333,0
DA:334,0
DA:335,0
DA:336,0
DA:337,0
DA:339,0
DA:344,2
LF:109
LH:5
BRDA:29,0,0,0
BRDA:29,0,1,0
BRDA:49,1,0,0
BRDA:49,1,1,0
BRDA:71,2,0,0
BRDA:71,2,1,0
BRDA:71,3,0,0
BRDA:71,3,1,0
BRDA:123,4,0,0
BRDA:123,4,1,0
BRDA:277,5,0,0
BRDA:277,5,1,0
BRF:12
BRH:0
end_of_record
TN:
SF:src\App.js
FN:10,App
FNF:1
FNH:0
FNDA:0,App
DA:11,0
DA:12,0
DA:14,0
DA:15,0
DA:17,0
LF:5
LH:0
BRDA:17,0,0,0
BRDA:17,0,1,0
BRF:2
BRH:0
end_of_record
TN:
SF:src\dayjsJestMockUp.js
FNF:0
FNH:0
LF:0
LH:0
BRF:0
BRH:0
end_of_record
TN:
SF:src\howIsNow.js
FNF:0
FNH:0
LF:0
LH:0
BRF:0
BRH:0
end_of_record
TN:
SF:src\index.js
FNF:0
FNH:0
DA:12,0
DA:26,0
LF:2
LH:0
BRF:0
BRH:0
end_of_record
TN:
SF:src\components\fakedata.js
FNF:0
FNH:0
DA:1,1
DA:22,1
LF:2
LH:2
BRF:0
BRH:0
end_of_record
TN:
SF:src\components\common\Basket\Basket.js
FN:13,(anonymous_0)
FN:23,(anonymous_1)
FN:29,(anonymous_2)
FN:31,(anonymous_3)
FN:38,(anonymous_4)
FN:42,(anonymous_5)
FN:54,(anonymous_6)
FN:60,(anonymous_7)
FN:65,(anonymous_8)
FN:92,(anonymous_9)
FN:105,(anonymous_10)
FN:125,(anonymous_11)
FN:147,(anonymous_12)
FNF:13
FNH:0
FNDA:0,(anonymous_0)
FNDA:0,(anonymous_1)
FNDA:0,(anonymous_2)
FNDA:0,(anonymous_3)
FNDA:0,(anonymous_4)
FNDA:0,(anonymous_5)
FNDA:0,(anonymous_6)
FNDA:0,(anonymous_7)
FNDA:0,(anonymous_8)
FNDA:0,(anonymous_9)
FNDA:0,(anonymous_10)
FNDA:0,(anonymous_11)
FNDA:0,(anonymous_12)
DA:13,1
DA:15,0
DA:16,0
DA:17,0
DA:18,0
DA:19,0
DA:20,0
DA:21,0
DA:23,0
DA:24,0
DA:25,0
DA:29,0
DA:30,0
DA:31,0
DA:32,0
DA:33,0
DA:35,0
DA:38,0
DA:39,0
DA:42,0
DA:43,0
DA:48,0
DA:50,0
DA:51,0
DA:52,0
DA:53,0
DA:54,0
DA:55,0
DA:60,0
DA:61,0
DA:62,0
DA:65,0
DA:66,0
DA:74,0
DA:92,0
DA:105,0
DA:125,0
DA:147,0
LF:38
LH:1
BRDA:24,0,0,0
BRDA:24,0,1,0
BRDA:24,1,0,0
BRDA:24,1,1,0
BRDA:25,2,0,0
BRDA:25,2,1,0
BRDA:25,3,0,0
BRDA:25,3,1,0
BRDA:32,4,0,0
BRDA:32,4,1,0
BRDA:48,5,0,0
BRDA:48,5,1,0
BRDA:88,6,0,0
BRDA:88,6,1,0
BRDA:88,6,2,0
BRDA:91,7,0,0
BRDA:91,7,1,0
BRDA:135,8,0,0
BRDA:135,8,1,0
BRDA:135,9,0,0
BRDA:135,9,1,0
BRDA:135,9,2,0
BRF:22
BRH:0
end_of_record
TN:
SF:src\components\common\Basket\index.js
FNF:0
FNH:0
LF:0
LH:0
BRF:0
BRH:0
end_of_record
TN:
SF:src\components\common\Basket\BasketItem\BasketItem.js
FN:9,(anonymous_0)
FN:16,(anonymous_1)
FN:19,(anonymous_2)
FN:24,(anonymous_3)
FN:28,(anonymous_4)
FN:29,(anonymous_5)
FN:42,(anonymous_6)
FNF:7
FNH:0
FNDA:0,(anonymous_0)
FNDA:0,(anonymous_1)
FNDA:0,(anonymous_2)
FNDA:0,(anonymous_3)
FNDA:0,(anonymous_4)
FNDA:0,(anonymous_5)
FNDA:0,(anonymous_6)
DA:9,1
DA:10,0
DA:12,0
DA:13,0
DA:14,0
DA:16,0
DA:17,0
DA:18,0
DA:19,0
DA:21,0
DA:24,0
DA:25,0
DA:28,0
DA:29,0
DA:30,0
DA:31,0
DA:34,0
DA:42,0
LF:18
LH:1
BRDA:19,0,0,0
BRDA:19,0,1,0
BRDA:30,1,0,0
BRDA:30,1,1,0
BRF:4
BRH:0
end_of_record
TN:
SF:src\components\common\CategoryCard\CategoryCard.js
FN:3,(anonymous_0)
FNF:1
FNH:0
FNDA:0,(anonymous_0)
DA:3,0
DA:4,0
DA:6,0
LF:3
LH:0
BRF:0
BRH:0
end_of_record
TN:
SF:src\components\common\CategoryCard\index.js
FNF:0
FNH:0
LF:0
LH:0
BRF:0
BRH:0
end_of_record
TN:
SF:src\components\common\Login\Login.js
FN:12,Login
FN:19,(anonymous_1)
FN:56,(anonymous_2)
FN:68,(anonymous_3)
FN:80,(anonymous_4)
FNF:5
FNH:0
FNDA:0,Login
FNDA:0,(anonymous_1)
FNDA:0,(anonymous_2)
FNDA:0,(anonymous_3)
FNDA:0,(anonymous_4)
DA:13,0
DA:14,0
DA:15,0
DA:16,0
DA:17,0
DA:19,0
DA:20,0
DA:21,0
DA:22,0
DA:24,0
DA:25,0
DA:26,0
DA:27,0
DA:29,0
DA:30,0
DA:34,0
DA:56,0
DA:68,0
DA:80,0
LF:19
LH:0
BRDA:51,0,0,0
BRDA:51,0,1,0
BRDA:90,1,0,0
BRDA:90,1,1,0
BRF:4
BRH:0
end_of_record
TN:
SF:src\components\common\Login\index.js
FNF:0
FNH:0
LF:0
LH:0
BRF:0
BRH:0
end_of_record
TN:
SF:src\components\common\Main\Main.js
FN:14,(anonymous_0)
FNF:1
FNH:0
FNDA:0,(anonymous_0)
DA:14,0
DA:23,0
DA:25,0
LF:3
LH:0
BRDA:29,0,0,0
BRDA:29,0,1,0
BRDA:32,1,0,0
BRDA:32,1,1,0
BRDA:35,2,0,0
BRDA:35,2,1,0
BRDA:35,3,0,0
BRDA:35,3,1,0
BRDA:45,4,0,0
BRDA:45,4,1,0
BRDA:45,5,0,0
BRDA:45,5,1,0
BRDA:56,6,0,0
BRDA:56,6,1,0
BRDA:56,7,0,0
BRDA:56,7,1,0
BRDA:63,8,0,0
BRDA:63,8,1,0
BRDA:63,9,0,0
BRDA:63,9,1,0
BRF:20
BRH:0
end_of_record
TN:
SF:src\components\common\Main\index.js
FNF:0
FNH:0
LF:0
LH:0
BRF:0
BRH:0
end_of_record
TN:
SF:src\components\common\MyShop\MyShop.js
FN:31,(anonymous_0)
FN:37,(anonymous_1)
FN:85,(anonymous_2)
FN:91,(anonymous_3)
FN:92,(anonymous_4)
FN:94,(anonymous_5)
FN:116,(anonymous_6)
FN:130,(anonymous_7)
FN:142,(anonymous_8)
FN:156,(anonymous_9)
FN:170,(anonymous_10)
FN:187,(anonymous_11)
FNF:12
FNH:0
FNDA:0,(anonymous_0)
FNDA:0,(anonymous_1)
FNDA:0,(anonymous_2)
FNDA:0,(anonymous_3)
FNDA:0,(anonymous_4)
FNDA:0,(anonymous_5)
FNDA:0,(anonymous_6)
FNDA:0,(anonymous_7)
FNDA:0,(anonymous_8)
FNDA:0,(anonymous_9)
FNDA:0,(anonymous_10)
FNDA:0,(anonymous_11)
DA:10,1
DA:22,1
DA:31,1
DA:32,0
DA:33,0
DA:34,0
DA:35,0
DA:37,0
DA:38,0
DA:39,0
DA:41,0
DA:42,0
DA:44,0
DA:45,0
DA:47,0
DA:48,0
DA:50,0
DA:51,0
DA:53,0
DA:54,0
DA:56,0
DA:57,0
DA:59,0
DA:61,0
DA:64,0
DA:86,0
DA:91,0
DA:92,0
DA:94,0
DA:117,0
DA:131,0
DA:143,0
DA:157,0
DA:171,0
DA:188,0
LF:35
LH:3
BRDA:39,0,0,0
BRDA:39,0,1,0
BRDA:39,0,2,0
BRDA:39,0,3,0
BRDA:39,0,4,0
BRDA:39,0,5,0
BRDA:39,0,6,0
BRDA:71,1,0,0
BRDA:71,1,1,0
BRDA:86,2,0,0
BRDA:86,2,1,0
BRF:11
BRH:0
end_of_record
TN:
SF:src\components\common\Navbar\Navbar.js
FN:29,(anonymous_0)
FN:41,(anonymous_1)
FN:42,(anonymous_2)
FN:168,(anonymous_3)
FN:188,(anonymous_4)
FN:193,(anonymous_5)
FNF:6
FNH:1
FNDA:2,(anonymous_0)
FNDA:0,(anonymous_1)
FNDA:0,(anonymous_2)
FNDA:0,(anonymous_3)
FNDA:0,(anonymous_4)
FNDA:0,(anonymous_5)
DA:29,1
DA:38,2
DA:39,2
DA:41,2
DA:42,2
DA:44,2
DA:168,0
DA:188,0
DA:193,0
LF:9
LH:6
BRDA:85,0,0,2
BRDA:85,0,1,2
BRDA:85,0,2,0
BRDA:113,1,0,2
BRDA:113,1,1,2
BRDA:113,1,2,0
BRDA:134,2,0,0
BRDA:134,2,1,2
BRDA:158,3,0,2
BRDA:158,3,1,0
BRDA:184,4,0,0
BRDA:184,4,1,2
BRDA:191,5,0,0
BRDA:191,5,1,0
BRF:14
BRH:7
end_of_record
TN:
SF:src\components\common\Navbar\index.js
FNF:0
FNH:0
LF:0
LH:0
BRF:0
BRH:0
end_of_record
TN:
SF:src\components\common\Product\ProductCard.js
FN:5,(anonymous_0)
FNF:1
FNH:1
FNDA:1,(anonymous_0)
DA:5,1
DA:6,1
DA:7,1
LF:3
LH:3
BRF:0
BRH:0
end_of_record
TN:
SF:src\components\common\Product\index.js
FNF:0
FNH:0
LF:0
LH:0
BRF:0
BRH:0
end_of_record
TN:
SF:src\components\common\ProductCard\ProductCard.js
FN:11,(anonymous_0)
FN:30,(anonymous_1)
FN:31,(anonymous_2)
FN:37,(anonymous_3)
FN:38,(anonymous_4)
FN:44,(anonymous_5)
FN:45,(anonymous_6)
FNF:7
FNH:0
FNDA:0,(anonymous_0)
FNDA:0,(anonymous_1)
FNDA:0,(anonymous_2)
FNDA:0,(anonymous_3)
FNDA:0,(anonymous_4)
FNDA:0,(anonymous_5)
FNDA:0,(anonymous_6)
DA:11,1
DA:26,0
DA:27,0
DA:28,0
DA:30,0
DA:31,0
DA:32,0
DA:33,0
DA:37,0
DA:38,0
DA:39,0
DA:40,0
DA:44,0
DA:45,0
DA:46,0
DA:47,0
DA:48,0
DA:49,0
DA:50,0
DA:51,0
DA:53,0
DA:54,0
DA:71,0
DA:72,0
DA:75,0
LF:25
LH:1
BRDA:32,0,0,0
BRDA:32,0,1,0
BRDA:39,1,0,0
BRDA:39,1,1,0
BRDA:46,2,0,0
BRDA:46,2,1,0
BRDA:47,3,0,0
BRDA:47,3,1,0
BRDA:97,4,0,0
BRDA:97,4,1,0
BRDA:111,5,0,0
BRDA:111,5,1,0
BRF:12
BRH:0
end_of_record
TN:
SF:src\components\common\ProductCard\index.js
FNF:0
FNH:0
LF:0
LH:0
BRF:0
BRH:0
end_of_record
TN:
SF:src\components\common\Register\Register.js
FN:12,(anonymous_0)
FN:22,(anonymous_1)
FN:116,(anonymous_2)
FN:130,(anonymous_3)
FN:143,(anonymous_4)
FN:161,(anonymous_5)
FN:174,(anonymous_6)
FNF:7
FNH:0
FNDA:0,(anonymous_0)
FNDA:0,(anonymous_1)
FNDA:0,(anonymous_2)
FNDA:0,(anonymous_3)
FNDA:0,(anonymous_4)
FNDA:0,(anonymous_5)
FNDA:0,(anonymous_6)
DA:12,0
DA:13,0
DA:14,0
DA:15,0
DA:16,0
DA:17,0
DA:18,0
DA:19,0
DA:20,0
DA:22,0
DA:23,0
DA:24,0
DA:25,0
DA:26,0
DA:27,0
DA:28,0
DA:40,0
DA:41,0
DA:42,0
DA:43,0
DA:45,0
DA:46,0
DA:49,0
DA:50,0
DA:54,0
DA:116,0
DA:130,0
DA:143,0
DA:161,0
DA:174,0
LF:30
LH:0
BRDA:26,0,0,0
BRDA:26,0,1,0
BRDA:26,1,0,0
BRDA:26,1,1,0
BRDA:68,2,0,0
BRDA:68,2,1,0
BRDA:69,3,0,0
BRDA:69,3,1,0
BRDA:186,4,0,0
BRDA:186,4,1,0
BRF:10
BRH:0
end_of_record
TN:
SF:src\components\common\Register\index.js
FNF:0
FNH:0
LF:0
LH:0
BRF:0
BRH:0
end_of_record
TN:
SF:src\components\common\Shop\Shop.js
FN:10,(anonymous_0)
FN:18,(anonymous_1)
FN:20,(anonymous_2)
FN:25,(anonymous_3)
FN:33,(anonymous_4)
FN:39,(anonymous_5)
FN:49,(anonymous_6)
FNF:7
FNH:0
FNDA:0,(anonymous_0)
FNDA:0,(anonymous_1)
FNDA:0,(anonymous_2)
FNDA:0,(anonymous_3)
FNDA:0,(anonymous_4)
FNDA:0,(anonymous_5)
FNDA:0,(anonymous_6)
DA:10,0
DA:11,0
DA:12,0
DA:13,0
DA:14,0
DA:16,0
DA:18,0
DA:20,0
DA:21,0
DA:22,0
DA:25,0
DA:26,0
DA:27,0
DA:30,0
DA:31,0
DA:32,0
DA:33,0
DA:34,0
DA:38,0
DA:39,0
DA:40,0
DA:47,0
DA:63,0
DA:84,0
LF:24
LH:0
BRDA:30,0,0,0
BRDA:30,0,1,0
BRDA:47,1,0,0
BRDA:47,1,1,0
BRDA:47,1,2,0
BRDA:100,2,0,0
BRDA:100,2,1,0
BRDA:103,3,0,0
BRDA:103,3,1,0
BRDA:103,3,2,0
BRDA:105,4,0,0
BRDA:105,4,1,0
BRDA:108,5,0,0
BRDA:108,5,1,0
BRDA:108,6,0,0
BRDA:108,6,1,0
BRF:16
BRH:0
end_of_record
TN:
SF:src\components\common\Sidebar\Sidebar.js
FN:7,(anonymous_0)
FN:10,(anonymous_1)
FN:21,(anonymous_2)
FN:34,(anonymous_3)
FNF:4
FNH:2
FNDA:1,(anonymous_0)
FNDA:8,(anonymous_1)
FNDA:0,(anonymous_2)
FNDA:0,(anonymous_3)
DA:7,1
DA:8,1
DA:10,1
DA:11,8
DA:12,7
DA:21,0
DA:28,1
DA:34,0
DA:42,1
LF:9
LH:7
BRDA:11,0,0,7
BRDA:11,0,1,1
BRF:2
BRH:2
end_of_record
TN:
SF:src\components\common\Sidebar\index.js
FNF:0
FNH:0
LF:0
LH:0
BRF:0
BRH:0
end_of_record
TN:
SF:src\components\content\Clients\ClientRow.js
FN:7,(anonymous_0)
FN:9,(anonymous_1)
FN:16,(anonymous_2)
FNF:3
FNH:0
FNDA:0,(anonymous_0)
FNDA:0,(anonymous_1)
FNDA:0,(anonymous_2)
DA:7,0
DA:8,0
DA:9,0
DA:10,0
DA:11,0
DA:16,0
DA:24,0
LF:7
LH:0
BRDA:10,0,0,0
BRDA:10,0,1,0
BRF:2
BRH:0
end_of_record
TN:
SF:src\components\content\Clients\Clients.js
FN:8,(anonymous_0)
FN:13,(anonymous_1)
FN:18,(anonymous_2)
FN:19,(anonymous_3)
FN:36,(anonymous_4)
FN:38,(anonymous_5)
FN:45,(anonymous_6)
FNF:7
FNH:0
FNDA:0,(anonymous_0)
FNDA:0,(anonymous_1)
FNDA:0,(anonymous_2)
FNDA:0,(anonymous_3)
FNDA:0,(anonymous_4)
FNDA:0,(anonymous_5)
FNDA:0,(anonymous_6)
DA:8,0
DA:9,0
DA:10,0
DA:11,0
DA:13,0
DA:14,0
DA:18,0
DA:20,0
DA:36,0
DA:38,0
DA:39,0
DA:40,0
DA:43,0
DA:44,0
DA:45,0
DA:46,0
DA:47,0
DA:52,0
LF:18
LH:0
BRDA:15,0,0,0
BRDA:15,0,1,0
BRDA:15,0,2,0
BRDA:43,1,0,0
BRDA:43,1,1,0
BRDA:83,2,0,0
BRDA:83,2,1,0
BRF:7
BRH:0
end_of_record
TN:
SF:src\components\content\Clients\ModalTopUp.js
FN:7,(anonymous_0)
FN:11,(anonymous_1)
FN:17,(anonymous_2)
FN:55,(anonymous_3)
FN:71,(anonymous_4)
FNF:5
FNH:0
FNDA:0,(anonymous_0)
FNDA:0,(anonymous_1)
FNDA:0,(anonymous_2)
FNDA:0,(anonymous_3)
FNDA:0,(anonymous_4)
DA:7,0
DA:8,0
DA:9,0
DA:11,0
DA:12,0
DA:14,0
DA:17,0
DA:18,0
DA:19,0
DA:20,0
DA:21,0
DA:22,0
DA:23,0
DA:24,0
DA:26,0
DA:30,0
DA:56,0
DA:71,0
LF:18
LH:0
BRF:0
BRH:0
end_of_record
TN:
SF:src\components\content\Clients\index.js
FNF:0
FNH:0
LF:0
LH:0
BRF:0
BRH:0
end_of_record
TN:
SF:src\components\content\Farmers\Farmers.js
FN:5,(anonymous_0)
FNF:1
FNH:0
FNDA:0,(anonymous_0)
DA:5,0
DA:6,0
LF:2
LH:0
BRF:0
BRH:0
end_of_record
TN:
SF:src\components\content\Farmers\index.js
FNF:0
FNH:0
LF:0
LH:0
BRF:0
BRH:0
end_of_record
TN:
SF:src\components\content\ManagerPage\index.js
FNF:0
FNH:0
LF:0
LH:0
BRF:0
BRH:0
end_of_record
TN:
SF:src\components\content\Order\Order.js
FN:6,(anonymous_0)
FNF:1
FNH:0
FNDA:0,(anonymous_0)
DA:6,0
DA:7,0
DA:9,0
LF:3
LH:0
BRF:0
BRH:0
end_of_record
TN:
SF:src\components\content\Order\index.js
FNF:0
FNH:0
LF:0
LH:0
BRF:0
BRH:0
end_of_record
TN:
SF:src\components\content\Orders\ModalConfirmation.js
FN:4,(anonymous_0)
FN:21,(anonymous_1)
FN:31,(anonymous_2)
FN:59,(anonymous_3)
FNF:4
FNH:0
FNDA:0,(anonymous_0)
FNDA:0,(anonymous_1)
FNDA:0,(anonymous_2)
FNDA:0,(anonymous_3)
DA:4,0
DA:5,0
DA:7,0
DA:21,0
DA:22,0
DA:25,0
DA:31,0
DA:32,0
DA:33,0
DA:34,0
DA:35,0
DA:36,0
DA:38,0
DA:42,0
DA:60,0
LF:15
LH:0
BRF:0
BRH:0
end_of_record
TN:
SF:src\components\content\Orders\OrderRow.js
FN:6,(anonymous_0)
FN:36,(anonymous_1)
FN:54,(anonymous_2)
FNF:3
FNH:0
FNDA:0,(anonymous_0)
FNDA:0,(anonymous_1)
FNDA:0,(anonymous_2)
DA:6,0
DA:15,0
DA:17,0
DA:18,0
DA:20,0
DA:26,0
DA:36,0
DA:54,0
LF:8
LH:0
BRDA:49,0,0,0
BRDA:49,0,1,0
BRF:2
BRH:0
end_of_record
TN:
SF:src\components\content\Orders\Orders.js
FN:10,(anonymous_0)
FN:17,(anonymous_1)
FNF:2
FNH:0
FNDA:0,(anonymous_0)
FNDA:0,(anonymous_1)
DA:10,0
DA:11,0
DA:13,0
DA:14,0
DA:15,0
DA:17,0
DA:18,0
DA:64,0
LF:8
LH:0
BRDA:75,0,0,0
BRDA:75,0,1,0
BRDA:92,1,0,0
BRDA:92,1,1,0
BRF:4
BRH:0
end_of_record
TN:
SF:src\components\content\Orders\ProductsList.js
FN:8,(anonymous_0)
FN:15,mapOrderProducts
FN:17,(anonymous_2)
FNF:3
FNH:0
FNDA:0,(anonymous_0)
FNDA:0,mapOrderProducts
FNDA:0,(anonymous_2)
DA:8,0
DA:9,0
DA:11,0
DA:13,0
DA:16,0
DA:17,0
DA:18,0
DA:29,0
LF:8
LH:0
BRDA:13,0,0,0
BRDA:13,0,1,0
BRDA:16,1,0,0
BRDA:16,1,1,0
BRDA:16,2,0,0
BRDA:16,2,1,0
BRDA:40,3,0,0
BRDA:40,3,1,0
BRF:8
BRH:0
end_of_record
TN:
SF:src\components\content\Orders\ProductsModal.js
FN:4,(anonymous_0)
FN:13,(anonymous_1)
FNF:2
FNH:0
FNDA:0,(anonymous_0)
FNDA:0,(anonymous_1)
DA:4,0
DA:5,0
DA:7,0
DA:13,0
DA:14,0
DA:17,0
LF:6
LH:0
BRF:0
BRH:0
end_of_record
TN:
SF:src\components\content\Orders\index.js
FNF:0
FNH:0
LF:0
LH:0
BRF:0
BRH:0
end_of_record
TN:
SF:src\components\content\User\User.js
FN:10,(anonymous_0)
FN:16,(anonymous_1)
FNF:2
FNH:0
FNDA:0,(anonymous_0)
FNDA:0,(anonymous_1)
DA:10,0
DA:11,0
DA:12,0
DA:13,0
DA:14,0
DA:16,0
DA:17,0
DA:29,0
LF:8
LH:0
BRDA:80,0,0,0
BRDA:80,0,1,0
BRF:2
BRH:0
end_of_record
TN:
SF:src\components\content\User\index.js
FNF:0
FNH:0
LF:0
LH:0
BRF:0
BRH:0
end_of_record
TN:
SF:src\components\misc\Breadcrumbs.js
FN:20,(anonymous_0)
FN:29,(anonymous_1)
FN:36,(anonymous_2)
FN:40,(anonymous_3)
FN:50,(anonymous_4)
FN:56,(anonymous_5)
FN:107,(anonymous_6)
FN:129,(anonymous_7)
FN:144,(anonymous_8)
FN:151,(anonymous_9)
FNF:10
FNH:0
FNDA:0,(anonymous_0)
FNDA:0,(anonymous_1)
FNDA:0,(anonymous_2)
FNDA:0,(anonymous_3)
FNDA:0,(anonymous_4)
FNDA:0,(anonymous_5)
FNDA:0,(anonymous_6)
FNDA:0,(anonymous_7)
FNDA:0,(anonymous_8)
FNDA:0,(anonymous_9)
DA:18,1
DA:20,1
DA:21,0
DA:22,0
DA:23,0
DA:24,0
DA:25,0
DA:26,0
DA:27,0
DA:29,0
DA:30,0
DA:31,0
DA:32,0
DA:36,0
DA:37,0
DA:40,0
DA:41,0
DA:42,0
DA:43,0
DA:45,0
DA:48,0
DA:50,0
DA:53,0
DA:56,0
DA:57,0
DA:58,0
DA:72,0
DA:88,0
DA:107,0
DA:129,0
DA:144,0
DA:151,0
LF:32
LH:2
BRDA:30,0,0,0
BRDA:30,0,1,0
BRDA:57,1,0,0
BRDA:57,1,1,0
BRDA:57,2,0,0
BRDA:57,2,1,0
BRDA:91,3,0,0
BRDA:91,3,1,0
BRDA:102,4,0,0
BRDA:102,4,1,0
BRDA:124,5,0,0
BRDA:124,5,1,0
BRF:12
BRH:0
end_of_record
TN:
SF:src\components\misc\Button.js
FN:3,(anonymous_0)
FNF:1
FNH:1
FNDA:1,(anonymous_0)
DA:3,2
DA:4,1
DA:5,1
LF:3
LH:3
BRDA:5,0,0,0
BRDA:5,0,1,1
BRF:2
BRH:1
end_of_record
TN:
SF:src\components\misc\ConfirmModal.js
FN:3,(anonymous_0)
FNF:1
FNH:0
FNDA:0,(anonymous_0)
DA:3,1
DA:4,0
LF:2
LH:1
BRF:0
BRH:0
end_of_record
TN:
SF:src\components\misc\DateModal.js
FN:5,(anonymous_0)
FN:28,(anonymous_1)
FN:36,(anonymous_2)
FN:49,(anonymous_3)
FNF:4
FNH:0
FNDA:0,(anonymous_0)
FNDA:0,(anonymous_1)
FNDA:0,(anonymous_2)
FNDA:0,(anonymous_3)
DA:5,1
DA:6,0
DA:7,0
DA:8,0
DA:10,0
DA:28,0
DA:36,0
DA:50,0
DA:51,0
LF:9
LH:1
BRF:0
BRH:0
end_of_record
TN:
SF:src\components\misc\QuantitySelector.js
FN:3,(anonymous_0)
FN:16,(anonymous_1)
FN:21,(anonymous_2)
FN:24,(anonymous_3)
FN:35,(anonymous_4)
FN:40,(anonymous_5)
FN:43,(anonymous_6)
FNF:7
FNH:0
FNDA:0,(anonymous_0)
FNDA:0,(anonymous_1)
FNDA:0,(anonymous_2)
FNDA:0,(anonymous_3)
FNDA:0,(anonymous_4)
FNDA:0,(anonymous_5)
FNDA:0,(anonymous_6)
DA:3,2
DA:14,0
DA:16,0
DA:17,0
DA:18,0
DA:19,0
DA:20,0
DA:21,0
DA:22,0
DA:23,0
DA:24,0
DA:25,0
DA:27,0
DA:29,0
DA:30,0
DA:35,0
DA:36,0
DA:37,0
DA:38,0
DA:39,0
DA:40,0
DA:41,0
DA:42,0
DA:43,0
DA:44,0
DA:46,0
DA:48,0
DA:49,0
DA:55,0
LF:29
LH:1
BRDA:17,0,0,0
BRDA:17,0,1,0
BRDA:18,1,0,0
BRDA:18,1,1,0
BRDA:20,2,0,0
BRDA:20,2,1,0
BRDA:25,3,0,0
BRDA:25,3,1,0
BRDA:36,4,0,0
BRDA:36,4,1,0
BRDA:37,5,0,0
BRDA:37,5,1,0
BRDA:39,6,0,0
BRDA:39,6,1,0
BRDA:44,7,0,0
BRDA:44,7,1,0
BRF:16
BRH:0
end_of_record
TN:
SF:src\components\misc\Spinner.js
FN:1,(anonymous_0)
FNF:1
FNH:1
FNDA:1,(anonymous_0)
DA:1,3
DA:2,1
LF:2
LH:2
BRF:0
BRH:0
end_of_record
TN:
SF:src\components\misc\index.js
FNF:0
FNH:0
LF:0
LH:0
BRF:0
BRH:0
end_of_record
TN:
SF:src\context\TimeContext.js
FN:8,(anonymous_0)
FN:15,(anonymous_1)
FNF:2
FNH:0
FNDA:0,(anonymous_0)
FNDA:0,(anonymous_1)
DA:4,2
DA:8,2
DA:9,0
DA:11,0
DA:12,0
DA:13,0
DA:15,0
DA:16,0
DA:17,0
DA:23,0
DA:24,0
DA:26,0
DA:30,0
DA:35,0
DA:37,0
DA:41,0
LF:16
LH:2
BRDA:23,0,0,0
BRDA:23,0,1,0
BRDA:23,1,0,0
BRDA:23,1,1,0
BRDA:23,1,2,0
BRDA:23,1,3,0
BRDA:30,2,0,0
BRDA:30,2,1,0
BRDA:31,3,0,0
BRDA:31,3,1,0
BRDA:31,3,2,0
BRDA:31,3,3,0
BRDA:31,3,4,0
BRDA:31,3,5,0
BRF:14
BRH:0
end_of_record
TN:
SF:src\context\UserContext.js
FN:9,(anonymous_0)
FN:25,(anonymous_1)
FN:30,(anonymous_2)
FN:36,(anonymous_3)
FN:37,(anonymous_4)
FN:54,(anonymous_5)
FN:55,(anonymous_6)
FN:62,(anonymous_7)
FN:69,(anonymous_8)
FN:71,(anonymous_9)
FN:75,(anonymous_10)
FN:80,(anonymous_11)
FN:89,(anonymous_12)
FNF:13
FNH:0
FNDA:0,(anonymous_0)
FNDA:0,(anonymous_1)
FNDA:0,(anonymous_2)
FNDA:0,(anonymous_3)
FNDA:0,(anonymous_4)
FNDA:0,(anonymous_5)
FNDA:0,(anonymous_6)
FNDA:0,(anonymous_7)
FNDA:0,(anonymous_8)
FNDA:0,(anonymous_9)
FNDA:0,(anonymous_10)
FNDA:0,(anonymous_11)
FNDA:0,(anonymous_12)
DA:5,2
DA:9,2
DA:10,0
DA:12,0
DA:14,0
DA:15,0
DA:16,0
DA:17,0
DA:18,0
DA:20,0
DA:21,0
DA:22,0
DA:23,0
DA:25,0
DA:26,0
DA:27,0
DA:30,0
DA:31,0
DA:32,0
DA:33,0
DA:36,0
DA:37,0
DA:38,0
DA:39,0
DA:40,0
DA:41,0
DA:42,0
DA:43,0
DA:45,0
DA:46,0
DA:49,0
DA:50,0
DA:54,0
DA:55,0
DA:56,0
DA:57,0
DA:60,0
DA:61,0
DA:62,0
DA:63,0
DA:64,0
DA:69,0
DA:70,0
DA:71,0
DA:72,0
DA:73,0
DA:75,0
DA:79,0
DA:80,0
DA:83,0
DA:84,0
DA:85,0
DA:86,0
DA:89,0
DA:90,0
DA:92,0
DA:95,0
LF:57
LH:2
BRDA:49,0,0,0
BRDA:49,0,1,0
BRDA:60,1,0,0
BRDA:60,1,1,0
BRDA:70,2,0,0
BRDA:70,2,1,0
BRDA:70,3,0,0
BRDA:70,3,1,0
BRDA:70,3,2,0
BRDA:74,4,0,0
BRDA:74,4,1,0
BRDA:84,5,0,0
BRDA:84,5,1,0
BRDA:84,6,0,0
BRDA:84,6,1,0
BRF:15
BRH:0
end_of_record
